node_modules/@types/node/index.d.ts(14,5): error TS2403: Subsequent variable declarations must have the same type.  Variable 'Console' must be of type 'new (stdout: WritableStream) => Console', but here has type 'ConsoleConstructor'.
node_modules/@types/node/index.d.ts(79,5): error TS2403: Subsequent variable declarations must have the same type.  Variable 'cache' must be of type '{ [filename: string]: NodeModule; }', but here has type 'any'.
node_modules/@types/node/index.d.ts(80,5): error TS2403: Subsequent variable declarations must have the same type.  Variable 'extensions' must be of type 'NodeExtensions', but here has type 'any'.
node_modules/@types/node/index.d.ts(81,5): error TS2403: Subsequent variable declarations must have the same type.  Variable 'main' must be of type 'any', but here has type 'NodeModule | undefined'.
node_modules/@types/node/index.d.ts(92,5): error TS2403: Subsequent variable declarations must have the same type.  Variable 'parent' must be of type 'NodeModule', but here has type 'NodeModule | null'.
node_modules/@types/node/index.d.ts(114,11): error TS2300: Duplicate identifier 'Buffer'.
node_modules/@types/node/index.d.ts(121,13): error TS2300: Duplicate identifier 'Buffer'.
node_modules/@types/node/index.d.ts(378,9): error TS2403: Subsequent variable declarations must have the same type.  Variable 'env' must be of type 'Env', but here has type 'any'.
node_modules/@types/node/index.d.ts(380,9): error TS2403: Subsequent variable declarations must have the same type.  Variable 'exitCode' must be of type 'number | undefined', but here has type 'number'.
node_modules/@types/node/index.d.ts(380,9): error TS2687: All declarations of 'exitCode' must have identical modifiers.
node_modules/@types/node/index.d.ts(419,9): error TS2403: Subsequent variable declarations must have the same type.  Variable 'platform' must be of type 'string', but here has type 'Platform'.
node_modules/@types/node/index.d.ts(577,26): error TS2300: Duplicate identifier 'Buffer'.
node_modules/@types/node/index.d.ts(577,50): error TS2300: Duplicate identifier 'SlowBuffer'.
node_modules/@types/node/index.d.ts(601,22): error TS2415: Class 'EventEmitter' incorrectly extends base class 'internal'.
  Types of property 'eventNames' are incompatible.
    Type '() => (string | symbol)[]' is not assignable to type '{ (): string[]; (): (string | symbol)[]; }'.
      Type '(string | symbol)[]' is not assignable to type 'string[]'.
        Type 'string | symbol' is not assignable to type 'string'.
          Type 'symbol' is not assignable to type 'string'.
node_modules/@types/node/index.d.ts(621,5): error TS2309: An export assignment cannot be used in a module with other exported elements.
node_modules/@types/node/index.d.ts(634,9): error TS2403: Subsequent variable declarations must have the same type.  Variable 'port' must be of type 'string | number | undefined', but here has type 'number | undefined'.
node_modules/@types/node/index.d.ts(639,9): error TS2403: Subsequent variable declarations must have the same type.  Variable 'headers' must be of type 'OutgoingHeaders | undefined', but here has type '{ [key: string]: any; } | undefined'.
node_modules/@types/node/index.d.ts(657,22): error TS2430: Interface 'ServerResponse' incorrectly extends interface 'OutgoingMessage'.
node_modules/@types/node/index.d.ts(687,22): error TS2430: Interface 'ClientRequest' incorrectly extends interface 'OutgoingMessage'.
node_modules/@types/node/index.d.ts(718,9): error TS2403: Subsequent variable declarations must have the same type.  Variable 'headers' must be of type 'IncomingHeaders', but here has type 'any'.
node_modules/@types/node/index.d.ts(720,9): error TS2403: Subsequent variable declarations must have the same type.  Variable 'trailers' must be of type 'IncomingHeaders', but here has type 'any'.
node_modules/@types/node/index.d.ts(721,9): error TS2403: Subsequent variable declarations must have the same type.  Variable 'rawTrailers' must be of type 'string[]', but here has type 'any'.
node_modules/@types/node/index.d.ts(767,18): error TS2300: Duplicate identifier 'Agent'.
node_modules/@types/node/index.d.ts(822,9): error TS2403: Subsequent variable declarations must have the same type.  Variable 'addressType' must be of type 'string', but here has type 'number | "udp4" | "udp6"'.
node_modules/@types/node/index.d.ts(825,18): error TS2300: Duplicate identifier 'Worker'.
node_modules/@types/node/index.d.ts(1354,9): error TS2403: Subsequent variable declarations must have the same type.  Variable 'SNICallback' must be of type '((servername: string) => any) | undefined', but here has type '((servername: string, cb: (err: Error, ctx: SecureContext) => any) => any) | undefined'.
node_modules/@types/node/index.d.ts(1358,9): error TS2403: Subsequent variable declarations must have the same type.  Variable 'pfx' must be of type 'string | Buffer | undefined', but here has type 'any'.
node_modules/@types/node/index.d.ts(1359,9): error TS2403: Subsequent variable declarations must have the same type.  Variable 'key' must be of type 'string | Buffer | undefined', but here has type 'any'.
node_modules/@types/node/index.d.ts(1361,9): error TS2403: Subsequent variable declarations must have the same type.  Variable 'cert' must be of type 'string | Buffer | undefined', but here has type 'any'.
node_modules/@types/node/index.d.ts(1362,9): error TS2403: Subsequent variable declarations must have the same type.  Variable 'ca' must be of type 'string | string[] | Buffer | Buffer[] | undefined', but here has type 'any'.
node_modules/@types/node/index.d.ts(1368,22): error TS2300: Duplicate identifier 'Agent'.
node_modules/@types/node/index.d.ts(1371,9): error TS2403: Subsequent variable declarations must have the same type.  Variable 'pfx' must be of type 'string | Buffer | undefined', but here has type 'any'.
node_modules/@types/node/index.d.ts(1372,9): error TS2403: Subsequent variable declarations must have the same type.  Variable 'key' must be of type 'string | string[] | Buffer | Buffer[] | undefined', but here has type 'any'.
node_modules/@types/node/index.d.ts(1374,9): error TS2403: Subsequent variable declarations must have the same type.  Variable 'cert' must be of type 'string | string[] | Buffer | Buffer[] | undefined', but here has type 'any'.
node_modules/@types/node/index.d.ts(1375,9): error TS2403: Subsequent variable declarations must have the same type.  Variable 'ca' must be of type 'string | string[] | Buffer | Buffer[] | undefined', but here has type 'any'.
node_modules/@types/node/index.d.ts(1382,16): error TS2300: Duplicate identifier 'Agent'.
node_modules/@types/node/index.d.ts(1420,9): error TS2403: Subsequent variable declarations must have the same type.  Variable 'replMode' must be of type 'symbol | undefined', but here has type 'any'.
node_modules/@types/node/index.d.ts(1421,9): error TS2403: Subsequent variable declarations must have the same type.  Variable 'breakEvalOnSigint' must be of type 'boolean | undefined', but here has type 'any'.
node_modules/@types/node/index.d.ts(1424,22): error TS2320: Interface 'REPLServer' cannot simultaneously extend types 'Interface' and 'ReadLine'.
  Named property 'pause' of types 'Interface' and 'ReadLine' are not identical.
node_modules/@types/node/index.d.ts(1424,22): error TS2320: Interface 'REPLServer' cannot simultaneously extend types 'Interface' and 'ReadLine'.
  Named property 'resume' of types 'Interface' and 'ReadLine' are not identical.
node_modules/@types/node/index.d.ts(1549,10): error TS2300: Duplicate identifier 'Completer'.
node_modules/@types/node/index.d.ts(1552,17): error TS2300: Duplicate identifier 'CompleterResult'.
node_modules/@types/node/index.d.ts(1589,18): error TS2300: Duplicate identifier 'Script'.
node_modules/@types/node/index.d.ts(1697,22): error TS2430: Interface 'ExecOptionsWithBufferEncoding' incorrectly extends interface 'ExecOptions'.
  Types of property 'encoding' are incompatible.
    Type 'string' is not assignable to type '"buffer" | "ascii" | "latin1" | "binary" | "utf8" | "utf-8" | "ucs2" | "ucs-2" | "utf16le" | "utf...'.
node_modules/@types/node/index.d.ts(1718,22): error TS2430: Interface 'ExecFileOptionsWithBufferEncoding' incorrectly extends interface 'ExecFileOptions'.
  Types of property 'encoding' are incompatible.
    Type 'string' is not assignable to type '"buffer" | "ascii" | "latin1" | "binary" | "utf8" | "utf-8" | "ucs2" | "ucs-2" | "utf16le" | "utf...'.
node_modules/@types/node/index.d.ts(1753,9): error TS2403: Subsequent variable declarations must have the same type.  Variable 'encoding' must be of type '"buffer" | "ascii" | "latin1" | "binary" | "utf8" | "utf-8" | "ucs2" | "ucs-2" | "utf16le" | "utf...', but here has type 'string | undefined'.
node_modules/@types/node/index.d.ts(1759,22): error TS2430: Interface 'SpawnSyncOptionsWithBufferEncoding' incorrectly extends interface 'SpawnSyncOptions'.
  Types of property 'encoding' are incompatible.
    Type 'string' is not assignable to type '"buffer" | "ascii" | "latin1" | "binary" | "utf8" | "utf-8" | "ucs2" | "ucs-2" | "utf16le" | "utf...'.
node_modules/@types/node/index.d.ts(1790,9): error TS2403: Subsequent variable declarations must have the same type.  Variable 'encoding' must be of type '"buffer" | "ascii" | "latin1" | "binary" | "utf8" | "utf-8" | "ucs2" | "ucs-2" | "utf16le" | "utf...', but here has type 'string | undefined'.
node_modules/@types/node/index.d.ts(1795,22): error TS2430: Interface 'ExecSyncOptionsWithBufferEncoding' incorrectly extends interface 'ExecSyncOptions'.
  Types of property 'encoding' are incompatible.
    Type 'string' is not assignable to type '"buffer" | "ascii" | "latin1" | "binary" | "utf8" | "utf-8" | "ucs2" | "ucs-2" | "utf16le" | "utf...'.
node_modules/@types/node/index.d.ts(1813,9): error TS2403: Subsequent variable declarations must have the same type.  Variable 'encoding' must be of type '"buffer" | "ascii" | "latin1" | "binary" | "utf8" | "utf-8" | "ucs2" | "ucs-2" | "utf16le" | "utf...', but here has type 'string | undefined'.
node_modules/@types/node/index.d.ts(1818,22): error TS2430: Interface 'ExecFileSyncOptionsWithBufferEncoding' incorrectly extends interface 'ExecFileSyncOptions'.
  Types of property 'encoding' are incompatible.
    Type 'string' is not assignable to type '"buffer" | "ascii" | "latin1" | "binary" | "utf8" | "utf-8" | "ucs2" | "ucs-2" | "utf16le" | "utf...'.
node_modules/@types/node/index.d.ts(1907,16): error TS2451: Cannot redeclare block-scoped variable 'NODATA'.
node_modules/@types/node/index.d.ts(1908,16): error TS2451: Cannot redeclare block-scoped variable 'FORMERR'.
node_modules/@types/node/index.d.ts(1909,16): error TS2451: Cannot redeclare block-scoped variable 'SERVFAIL'.
node_modules/@types/node/index.d.ts(1910,16): error TS2451: Cannot redeclare block-scoped variable 'NOTFOUND'.
node_modules/@types/node/index.d.ts(1911,16): error TS2451: Cannot redeclare block-scoped variable 'NOTIMP'.
node_modules/@types/node/index.d.ts(1912,16): error TS2451: Cannot redeclare block-scoped variable 'REFUSED'.
node_modules/@types/node/index.d.ts(1913,16): error TS2451: Cannot redeclare block-scoped variable 'BADQUERY'.
node_modules/@types/node/index.d.ts(1914,16): error TS2451: Cannot redeclare block-scoped variable 'BADNAME'.
node_modules/@types/node/index.d.ts(1915,16): error TS2451: Cannot redeclare block-scoped variable 'BADFAMILY'.
node_modules/@types/node/index.d.ts(1916,16): error TS2451: Cannot redeclare block-scoped variable 'BADRESP'.
node_modules/@types/node/index.d.ts(1917,16): error TS2451: Cannot redeclare block-scoped variable 'CONNREFUSED'.
node_modules/@types/node/index.d.ts(1918,16): error TS2451: Cannot redeclare block-scoped variable 'TIMEOUT'.
node_modules/@types/node/index.d.ts(1919,16): error TS2451: Cannot redeclare block-scoped variable 'EOF'.
node_modules/@types/node/index.d.ts(1920,16): error TS2451: Cannot redeclare block-scoped variable 'FILE'.
node_modules/@types/node/index.d.ts(1921,16): error TS2451: Cannot redeclare block-scoped variable 'NOMEM'.
node_modules/@types/node/index.d.ts(1922,16): error TS2451: Cannot redeclare block-scoped variable 'DESTRUCTION'.
node_modules/@types/node/index.d.ts(1923,16): error TS2451: Cannot redeclare block-scoped variable 'BADSTR'.
node_modules/@types/node/index.d.ts(1924,16): error TS2451: Cannot redeclare block-scoped variable 'BADFLAGS'.
node_modules/@types/node/index.d.ts(1925,16): error TS2451: Cannot redeclare block-scoped variable 'NONAME'.
node_modules/@types/node/index.d.ts(1926,16): error TS2451: Cannot redeclare block-scoped variable 'BADHINTS'.
node_modules/@types/node/index.d.ts(1927,16): error TS2451: Cannot redeclare block-scoped variable 'NOTINITIALIZED'.
node_modules/@types/node/index.d.ts(1928,16): error TS2451: Cannot redeclare block-scoped variable 'LOADIPHLPAPI'.
node_modules/@types/node/index.d.ts(1929,16): error TS2451: Cannot redeclare block-scoped variable 'ADDRGETNETWORKPARAMS'.
node_modules/@types/node/index.d.ts(1930,16): error TS2451: Cannot redeclare block-scoped variable 'CANCELLED'.
node_modules/@types/node/index.d.ts(1937,22): error TS2300: Duplicate identifier 'Socket'.
node_modules/@types/node/index.d.ts(2048,16): error TS2300: Duplicate identifier 'Socket'.
node_modules/@types/node/index.d.ts(2060,22): error TS2320: Interface 'Server' cannot simultaneously extend types 'Socket' and 'EventEmitter'.
  Named property 'removeListener' of types 'Socket' and 'EventEmitter' are not identical.
node_modules/@types/node/index.d.ts(2157,9): error TS2403: Subsequent variable declarations must have the same type.  Variable 'type' must be of type 'string', but here has type '"udp4" | "udp6"'.
node_modules/@types/node/index.d.ts(2573,22): error TS2451: Cannot redeclare block-scoped variable 'constants'.
node_modules/@types/node/index.d.ts(2870,16): error TS2300: Duplicate identifier 'StringDecoder'.
node_modules/@types/node/index.d.ts(2921,18): error TS2300: Duplicate identifier 'TLSSocket'.
node_modules/@types/node/index.d.ts(3161,22): error TS2430: Interface 'Server' incorrectly extends interface 'Server'.
node_modules/@types/node/index.d.ts(3247,9): error TS2403: Subsequent variable declarations must have the same type.  Variable 'key' must be of type 'string | string[] | Buffer | { pem: string | string[] | Buffer; passphrase: string; }[] | undefined', but here has type 'string | Buffer | undefined'.
node_modules/@types/node/index.d.ts(3249,9): error TS2403: Subsequent variable declarations must have the same type.  Variable 'cert' must be of type 'string | string[] | Buffer | Buffer[] | undefined', but here has type 'string | Buffer | undefined'.
node_modules/@types/node/index.d.ts(3250,9): error TS2403: Subsequent variable declarations must have the same type.  Variable 'ca' must be of type 'string | string[] | Buffer | Buffer[] | undefined', but here has type 'string | Buffer | undefined'.
node_modules/@types/node/index.d.ts(3269,22): error TS2300: Duplicate identifier 'Certificate'.
node_modules/@types/node/index.d.ts(3274,16): error TS2300: Duplicate identifier 'Certificate'.
node_modules/@types/node/index.d.ts(3301,22): error TS2320: Interface 'Hash' cannot simultaneously extend types 'Transform' and 'ReadWriteStream'.
  Named property 'addListener' of types 'Transform' and 'ReadWriteStream' are not identical.
node_modules/@types/node/index.d.ts(3301,22): error TS2320: Interface 'Hash' cannot simultaneously extend types 'Transform' and 'ReadWriteStream'.
  Named property 'emit' of types 'Transform' and 'ReadWriteStream' are not identical.
node_modules/@types/node/index.d.ts(3301,22): error TS2320: Interface 'Hash' cannot simultaneously extend types 'Transform' and 'ReadWriteStream'.
  Named property 'end' of types 'Transform' and 'ReadWriteStream' are not identical.
node_modules/@types/node/index.d.ts(3301,22): error TS2320: Interface 'Hash' cannot simultaneously extend types 'Transform' and 'ReadWriteStream'.
  Named property 'eventNames' of types 'Transform' and 'ReadWriteStream' are not identical.
node_modules/@types/node/index.d.ts(3301,22): error TS2320: Interface 'Hash' cannot simultaneously extend types 'Transform' and 'ReadWriteStream'.
  Named property 'getMaxListeners' of types 'Transform' and 'ReadWriteStream' are not identical.
node_modules/@types/node/index.d.ts(3301,22): error TS2320: Interface 'Hash' cannot simultaneously extend types 'Transform' and 'ReadWriteStream'.
  Named property 'isPaused' of types 'Transform' and 'ReadWriteStream' are not identical.
node_modules/@types/node/index.d.ts(3301,22): error TS2320: Interface 'Hash' cannot simultaneously extend types 'Transform' and 'ReadWriteStream'.
  Named property 'listenerCount' of types 'Transform' and 'ReadWriteStream' are not identical.
node_modules/@types/node/index.d.ts(3301,22): error TS2320: Interface 'Hash' cannot simultaneously extend types 'Transform' and 'ReadWriteStream'.
  Named property 'listeners' of types 'Transform' and 'ReadWriteStream' are not identical.
node_modules/@types/node/index.d.ts(3301,22): error TS2320: Interface 'Hash' cannot simultaneously extend types 'Transform' and 'ReadWriteStream'.
  Named property 'on' of types 'Transform' and 'ReadWriteStream' are not identical.
node_modules/@types/node/index.d.ts(3301,22): error TS2320: Interface 'Hash' cannot simultaneously extend types 'Transform' and 'ReadWriteStream'.
  Named property 'once' of types 'Transform' and 'ReadWriteStream' are not identical.
node_modules/@types/node/index.d.ts(3301,22): error TS2320: Interface 'Hash' cannot simultaneously extend types 'Transform' and 'ReadWriteStream'.
  Named property 'pause' of types 'Transform' and 'ReadWriteStream' are not identical.
node_modules/@types/node/index.d.ts(3301,22): error TS2320: Interface 'Hash' cannot simultaneously extend types 'Transform' and 'ReadWriteStream'.
  Named property 'pipe' of types 'Transform' and 'ReadWriteStream' are not identical.
node_modules/@types/node/index.d.ts(3301,22): error TS2320: Interface 'Hash' cannot simultaneously extend types 'Transform' and 'ReadWriteStream'.
  Named property 'prependListener' of types 'Transform' and 'ReadWriteStream' are not identical.
node_modules/@types/node/index.d.ts(3301,22): error TS2320: Interface 'Hash' cannot simultaneously extend types 'Transform' and 'ReadWriteStream'.
  Named property 'prependOnceListener' of types 'Transform' and 'ReadWriteStream' are not identical.
node_modules/@types/node/index.d.ts(3301,22): error TS2320: Interface 'Hash' cannot simultaneously extend types 'Transform' and 'ReadWriteStream'.
  Named property 'read' of types 'Transform' and 'ReadWriteStream' are not identical.
node_modules/@types/node/index.d.ts(3301,22): error TS2320: Interface 'Hash' cannot simultaneously extend types 'Transform' and 'ReadWriteStream'.
  Named property 'removeAllListeners' of types 'Transform' and 'ReadWriteStream' are not identical.
node_modules/@types/node/index.d.ts(3301,22): error TS2320: Interface 'Hash' cannot simultaneously extend types 'Transform' and 'ReadWriteStream'.
  Named property 'removeListener' of types 'Transform' and 'ReadWriteStream' are not identical.
node_modules/@types/node/index.d.ts(3301,22): error TS2320: Interface 'Hash' cannot simultaneously extend types 'Transform' and 'ReadWriteStream'.
  Named property 'resume' of types 'Transform' and 'ReadWriteStream' are not identical.
node_modules/@types/node/index.d.ts(3301,22): error TS2320: Interface 'Hash' cannot simultaneously extend types 'Transform' and 'ReadWriteStream'.
  Named property 'setEncoding' of types 'Transform' and 'ReadWriteStream' are not identical.
node_modules/@types/node/index.d.ts(3301,22): error TS2320: Interface 'Hash' cannot simultaneously extend types 'Transform' and 'ReadWriteStream'.
  Named property 'setMaxListeners' of types 'Transform' and 'ReadWriteStream' are not identical.
node_modules/@types/node/index.d.ts(3301,22): error TS2320: Interface 'Hash' cannot simultaneously extend types 'Transform' and 'ReadWriteStream'.
  Named property 'unpipe' of types 'Transform' and 'ReadWriteStream' are not identical.
node_modules/@types/node/index.d.ts(3301,22): error TS2320: Interface 'Hash' cannot simultaneously extend types 'Transform' and 'ReadWriteStream'.
  Named property 'unshift' of types 'Transform' and 'ReadWriteStream' are not identical.
node_modules/@types/node/index.d.ts(3301,22): error TS2320: Interface 'Hash' cannot simultaneously extend types 'Transform' and 'ReadWriteStream'.
  Named property 'wrap' of types 'Transform' and 'ReadWriteStream' are not identical.
node_modules/@types/node/index.d.ts(3301,22): error TS2320: Interface 'Hash' cannot simultaneously extend types 'Transform' and 'ReadWriteStream'.
  Named property 'write' of types 'Transform' and 'ReadWriteStream' are not identical.
node_modules/@types/node/index.d.ts(3307,22): error TS2320: Interface 'Hmac' cannot simultaneously extend types 'Transform' and 'ReadWriteStream'.
  Named property 'addListener' of types 'Transform' and 'ReadWriteStream' are not identical.
node_modules/@types/node/index.d.ts(3307,22): error TS2320: Interface 'Hmac' cannot simultaneously extend types 'Transform' and 'ReadWriteStream'.
  Named property 'emit' of types 'Transform' and 'ReadWriteStream' are not identical.
node_modules/@types/node/index.d.ts(3307,22): error TS2320: Interface 'Hmac' cannot simultaneously extend types 'Transform' and 'ReadWriteStream'.
  Named property 'end' of types 'Transform' and 'ReadWriteStream' are not identical.
node_modules/@types/node/index.d.ts(3307,22): error TS2320: Interface 'Hmac' cannot simultaneously extend types 'Transform' and 'ReadWriteStream'.
  Named property 'eventNames' of types 'Transform' and 'ReadWriteStream' are not identical.
node_modules/@types/node/index.d.ts(3307,22): error TS2320: Interface 'Hmac' cannot simultaneously extend types 'Transform' and 'ReadWriteStream'.
  Named property 'getMaxListeners' of types 'Transform' and 'ReadWriteStream' are not identical.
node_modules/@types/node/index.d.ts(3307,22): error TS2320: Interface 'Hmac' cannot simultaneously extend types 'Transform' and 'ReadWriteStream'.
  Named property 'isPaused' of types 'Transform' and 'ReadWriteStream' are not identical.
node_modules/@types/node/index.d.ts(3307,22): error TS2320: Interface 'Hmac' cannot simultaneously extend types 'Transform' and 'ReadWriteStream'.
  Named property 'listenerCount' of types 'Transform' and 'ReadWriteStream' are not identical.
node_modules/@types/node/index.d.ts(3307,22): error TS2320: Interface 'Hmac' cannot simultaneously extend types 'Transform' and 'ReadWriteStream'.
  Named property 'listeners' of types 'Transform' and 'ReadWriteStream' are not identical.
node_modules/@types/node/index.d.ts(3307,22): error TS2320: Interface 'Hmac' cannot simultaneously extend types 'Transform' and 'ReadWriteStream'.
  Named property 'on' of types 'Transform' and 'ReadWriteStream' are not identical.
node_modules/@types/node/index.d.ts(3307,22): error TS2320: Interface 'Hmac' cannot simultaneously extend types 'Transform' and 'ReadWriteStream'.
  Named property 'once' of types 'Transform' and 'ReadWriteStream' are not identical.
node_modules/@types/node/index.d.ts(3307,22): error TS2320: Interface 'Hmac' cannot simultaneously extend types 'Transform' and 'ReadWriteStream'.
  Named property 'pause' of types 'Transform' and 'ReadWriteStream' are not identical.
node_modules/@types/node/index.d.ts(3307,22): error TS2320: Interface 'Hmac' cannot simultaneously extend types 'Transform' and 'ReadWriteStream'.
  Named property 'pipe' of types 'Transform' and 'ReadWriteStream' are not identical.
node_modules/@types/node/index.d.ts(3307,22): error TS2320: Interface 'Hmac' cannot simultaneously extend types 'Transform' and 'ReadWriteStream'.
  Named property 'prependListener' of types 'Transform' and 'ReadWriteStream' are not identical.
node_modules/@types/node/index.d.ts(3307,22): error TS2320: Interface 'Hmac' cannot simultaneously extend types 'Transform' and 'ReadWriteStream'.
  Named property 'prependOnceListener' of types 'Transform' and 'ReadWriteStream' are not identical.
node_modules/@types/node/index.d.ts(3307,22): error TS2320: Interface 'Hmac' cannot simultaneously extend types 'Transform' and 'ReadWriteStream'.
  Named property 'read' of types 'Transform' and 'ReadWriteStream' are not identical.
node_modules/@types/node/index.d.ts(3307,22): error TS2320: Interface 'Hmac' cannot simultaneously extend types 'Transform' and 'ReadWriteStream'.
  Named property 'removeAllListeners' of types 'Transform' and 'ReadWriteStream' are not identical.
node_modules/@types/node/index.d.ts(3307,22): error TS2320: Interface 'Hmac' cannot simultaneously extend types 'Transform' and 'ReadWriteStream'.
  Named property 'removeListener' of types 'Transform' and 'ReadWriteStream' are not identical.
node_modules/@types/node/index.d.ts(3307,22): error TS2320: Interface 'Hmac' cannot simultaneously extend types 'Transform' and 'ReadWriteStream'.
  Named property 'resume' of types 'Transform' and 'ReadWriteStream' are not identical.
node_modules/@types/node/index.d.ts(3307,22): error TS2320: Interface 'Hmac' cannot simultaneously extend types 'Transform' and 'ReadWriteStream'.
  Named property 'setEncoding' of types 'Transform' and 'ReadWriteStream' are not identical.
node_modules/@types/node/index.d.ts(3307,22): error TS2320: Interface 'Hmac' cannot simultaneously extend types 'Transform' and 'ReadWriteStream'.
  Named property 'setMaxListeners' of types 'Transform' and 'ReadWriteStream' are not identical.
node_modules/@types/node/index.d.ts(3307,22): error TS2320: Interface 'Hmac' cannot simultaneously extend types 'Transform' and 'ReadWriteStream'.
  Named property 'unpipe' of types 'Transform' and 'ReadWriteStream' are not identical.
node_modules/@types/node/index.d.ts(3307,22): error TS2320: Interface 'Hmac' cannot simultaneously extend types 'Transform' and 'ReadWriteStream'.
  Named property 'unshift' of types 'Transform' and 'ReadWriteStream' are not identical.
node_modules/@types/node/index.d.ts(3307,22): error TS2320: Interface 'Hmac' cannot simultaneously extend types 'Transform' and 'ReadWriteStream'.
  Named property 'wrap' of types 'Transform' and 'ReadWriteStream' are not identical.
node_modules/@types/node/index.d.ts(3307,22): error TS2320: Interface 'Hmac' cannot simultaneously extend types 'Transform' and 'ReadWriteStream'.
  Named property 'write' of types 'Transform' and 'ReadWriteStream' are not identical.
node_modules/@types/node/index.d.ts(3315,22): error TS2320: Interface 'Cipher' cannot simultaneously extend types 'Transform' and 'ReadWriteStream'.
  Named property 'addListener' of types 'Transform' and 'ReadWriteStream' are not identical.
node_modules/@types/node/index.d.ts(3315,22): error TS2320: Interface 'Cipher' cannot simultaneously extend types 'Transform' and 'ReadWriteStream'.
  Named property 'emit' of types 'Transform' and 'ReadWriteStream' are not identical.
node_modules/@types/node/index.d.ts(3315,22): error TS2320: Interface 'Cipher' cannot simultaneously extend types 'Transform' and 'ReadWriteStream'.
  Named property 'end' of types 'Transform' and 'ReadWriteStream' are not identical.
node_modules/@types/node/index.d.ts(3315,22): error TS2320: Interface 'Cipher' cannot simultaneously extend types 'Transform' and 'ReadWriteStream'.
  Named property 'eventNames' of types 'Transform' and 'ReadWriteStream' are not identical.
node_modules/@types/node/index.d.ts(3315,22): error TS2320: Interface 'Cipher' cannot simultaneously extend types 'Transform' and 'ReadWriteStream'.
  Named property 'getMaxListeners' of types 'Transform' and 'ReadWriteStream' are not identical.
node_modules/@types/node/index.d.ts(3315,22): error TS2320: Interface 'Cipher' cannot simultaneously extend types 'Transform' and 'ReadWriteStream'.
  Named property 'isPaused' of types 'Transform' and 'ReadWriteStream' are not identical.
node_modules/@types/node/index.d.ts(3315,22): error TS2320: Interface 'Cipher' cannot simultaneously extend types 'Transform' and 'ReadWriteStream'.
  Named property 'listenerCount' of types 'Transform' and 'ReadWriteStream' are not identical.
node_modules/@types/node/index.d.ts(3315,22): error TS2320: Interface 'Cipher' cannot simultaneously extend types 'Transform' and 'ReadWriteStream'.
  Named property 'listeners' of types 'Transform' and 'ReadWriteStream' are not identical.
node_modules/@types/node/index.d.ts(3315,22): error TS2320: Interface 'Cipher' cannot simultaneously extend types 'Transform' and 'ReadWriteStream'.
  Named property 'on' of types 'Transform' and 'ReadWriteStream' are not identical.
node_modules/@types/node/index.d.ts(3315,22): error TS2320: Interface 'Cipher' cannot simultaneously extend types 'Transform' and 'ReadWriteStream'.
  Named property 'once' of types 'Transform' and 'ReadWriteStream' are not identical.
node_modules/@types/node/index.d.ts(3315,22): error TS2320: Interface 'Cipher' cannot simultaneously extend types 'Transform' and 'ReadWriteStream'.
  Named property 'pause' of types 'Transform' and 'ReadWriteStream' are not identical.
node_modules/@types/node/index.d.ts(3315,22): error TS2320: Interface 'Cipher' cannot simultaneously extend types 'Transform' and 'ReadWriteStream'.
  Named property 'pipe' of types 'Transform' and 'ReadWriteStream' are not identical.
node_modules/@types/node/index.d.ts(3315,22): error TS2320: Interface 'Cipher' cannot simultaneously extend types 'Transform' and 'ReadWriteStream'.
  Named property 'prependListener' of types 'Transform' and 'ReadWriteStream' are not identical.
node_modules/@types/node/index.d.ts(3315,22): error TS2320: Interface 'Cipher' cannot simultaneously extend types 'Transform' and 'ReadWriteStream'.
  Named property 'prependOnceListener' of types 'Transform' and 'ReadWriteStream' are not identical.
node_modules/@types/node/index.d.ts(3315,22): error TS2320: Interface 'Cipher' cannot simultaneously extend types 'Transform' and 'ReadWriteStream'.
  Named property 'read' of types 'Transform' and 'ReadWriteStream' are not identical.
node_modules/@types/node/index.d.ts(3315,22): error TS2320: Interface 'Cipher' cannot simultaneously extend types 'Transform' and 'ReadWriteStream'.
  Named property 'removeAllListeners' of types 'Transform' and 'ReadWriteStream' are not identical.
node_modules/@types/node/index.d.ts(3315,22): error TS2320: Interface 'Cipher' cannot simultaneously extend types 'Transform' and 'ReadWriteStream'.
  Named property 'removeListener' of types 'Transform' and 'ReadWriteStream' are not identical.
node_modules/@types/node/index.d.ts(3315,22): error TS2320: Interface 'Cipher' cannot simultaneously extend types 'Transform' and 'ReadWriteStream'.
  Named property 'resume' of types 'Transform' and 'ReadWriteStream' are not identical.
node_modules/@types/node/index.d.ts(3315,22): error TS2320: Interface 'Cipher' cannot simultaneously extend types 'Transform' and 'ReadWriteStream'.
  Named property 'setEncoding' of types 'Transform' and 'ReadWriteStream' are not identical.
node_modules/@types/node/index.d.ts(3315,22): error TS2320: Interface 'Cipher' cannot simultaneously extend types 'Transform' and 'ReadWriteStream'.
  Named property 'setMaxListeners' of types 'Transform' and 'ReadWriteStream' are not identical.
node_modules/@types/node/index.d.ts(3315,22): error TS2320: Interface 'Cipher' cannot simultaneously extend types 'Transform' and 'ReadWriteStream'.
  Named property 'unpipe' of types 'Transform' and 'ReadWriteStream' are not identical.
node_modules/@types/node/index.d.ts(3315,22): error TS2320: Interface 'Cipher' cannot simultaneously extend types 'Transform' and 'ReadWriteStream'.
  Named property 'unshift' of types 'Transform' and 'ReadWriteStream' are not identical.
node_modules/@types/node/index.d.ts(3315,22): error TS2320: Interface 'Cipher' cannot simultaneously extend types 'Transform' and 'ReadWriteStream'.
  Named property 'wrap' of types 'Transform' and 'ReadWriteStream' are not identical.
node_modules/@types/node/index.d.ts(3315,22): error TS2320: Interface 'Cipher' cannot simultaneously extend types 'Transform' and 'ReadWriteStream'.
  Named property 'write' of types 'Transform' and 'ReadWriteStream' are not identical.
node_modules/@types/node/index.d.ts(3328,22): error TS2320: Interface 'Decipher' cannot simultaneously extend types 'Transform' and 'ReadWriteStream'.
  Named property 'addListener' of types 'Transform' and 'ReadWriteStream' are not identical.
node_modules/@types/node/index.d.ts(3328,22): error TS2320: Interface 'Decipher' cannot simultaneously extend types 'Transform' and 'ReadWriteStream'.
  Named property 'emit' of types 'Transform' and 'ReadWriteStream' are not identical.
node_modules/@types/node/index.d.ts(3328,22): error TS2320: Interface 'Decipher' cannot simultaneously extend types 'Transform' and 'ReadWriteStream'.
  Named property 'end' of types 'Transform' and 'ReadWriteStream' are not identical.
node_modules/@types/node/index.d.ts(3328,22): error TS2320: Interface 'Decipher' cannot simultaneously extend types 'Transform' and 'ReadWriteStream'.
  Named property 'eventNames' of types 'Transform' and 'ReadWriteStream' are not identical.
node_modules/@types/node/index.d.ts(3328,22): error TS2320: Interface 'Decipher' cannot simultaneously extend types 'Transform' and 'ReadWriteStream'.
  Named property 'getMaxListeners' of types 'Transform' and 'ReadWriteStream' are not identical.
node_modules/@types/node/index.d.ts(3328,22): error TS2320: Interface 'Decipher' cannot simultaneously extend types 'Transform' and 'ReadWriteStream'.
  Named property 'isPaused' of types 'Transform' and 'ReadWriteStream' are not identical.
node_modules/@types/node/index.d.ts(3328,22): error TS2320: Interface 'Decipher' cannot simultaneously extend types 'Transform' and 'ReadWriteStream'.
  Named property 'listenerCount' of types 'Transform' and 'ReadWriteStream' are not identical.
node_modules/@types/node/index.d.ts(3328,22): error TS2320: Interface 'Decipher' cannot simultaneously extend types 'Transform' and 'ReadWriteStream'.
  Named property 'listeners' of types 'Transform' and 'ReadWriteStream' are not identical.
node_modules/@types/node/index.d.ts(3328,22): error TS2320: Interface 'Decipher' cannot simultaneously extend types 'Transform' and 'ReadWriteStream'.
  Named property 'on' of types 'Transform' and 'ReadWriteStream' are not identical.
node_modules/@types/node/index.d.ts(3328,22): error TS2320: Interface 'Decipher' cannot simultaneously extend types 'Transform' and 'ReadWriteStream'.
  Named property 'once' of types 'Transform' and 'ReadWriteStream' are not identical.
node_modules/@types/node/index.d.ts(3328,22): error TS2320: Interface 'Decipher' cannot simultaneously extend types 'Transform' and 'ReadWriteStream'.
  Named property 'pause' of types 'Transform' and 'ReadWriteStream' are not identical.
node_modules/@types/node/index.d.ts(3328,22): error TS2320: Interface 'Decipher' cannot simultaneously extend types 'Transform' and 'ReadWriteStream'.
  Named property 'pipe' of types 'Transform' and 'ReadWriteStream' are not identical.
node_modules/@types/node/index.d.ts(3328,22): error TS2320: Interface 'Decipher' cannot simultaneously extend types 'Transform' and 'ReadWriteStream'.
  Named property 'prependListener' of types 'Transform' and 'ReadWriteStream' are not identical.
node_modules/@types/node/index.d.ts(3328,22): error TS2320: Interface 'Decipher' cannot simultaneously extend types 'Transform' and 'ReadWriteStream'.
  Named property 'prependOnceListener' of types 'Transform' and 'ReadWriteStream' are not identical.
node_modules/@types/node/index.d.ts(3328,22): error TS2320: Interface 'Decipher' cannot simultaneously extend types 'Transform' and 'ReadWriteStream'.
  Named property 'read' of types 'Transform' and 'ReadWriteStream' are not identical.
node_modules/@types/node/index.d.ts(3328,22): error TS2320: Interface 'Decipher' cannot simultaneously extend types 'Transform' and 'ReadWriteStream'.
  Named property 'removeAllListeners' of types 'Transform' and 'ReadWriteStream' are not identical.
node_modules/@types/node/index.d.ts(3328,22): error TS2320: Interface 'Decipher' cannot simultaneously extend types 'Transform' and 'ReadWriteStream'.
  Named property 'removeListener' of types 'Transform' and 'ReadWriteStream' are not identical.
node_modules/@types/node/index.d.ts(3328,22): error TS2320: Interface 'Decipher' cannot simultaneously extend types 'Transform' and 'ReadWriteStream'.
  Named property 'resume' of types 'Transform' and 'ReadWriteStream' are not identical.
node_modules/@types/node/index.d.ts(3328,22): error TS2320: Interface 'Decipher' cannot simultaneously extend types 'Transform' and 'ReadWriteStream'.
  Named property 'setEncoding' of types 'Transform' and 'ReadWriteStream' are not identical.
node_modules/@types/node/index.d.ts(3328,22): error TS2320: Interface 'Decipher' cannot simultaneously extend types 'Transform' and 'ReadWriteStream'.
  Named property 'setMaxListeners' of types 'Transform' and 'ReadWriteStream' are not identical.
node_modules/@types/node/index.d.ts(3328,22): error TS2320: Interface 'Decipher' cannot simultaneously extend types 'Transform' and 'ReadWriteStream'.
  Named property 'unpipe' of types 'Transform' and 'ReadWriteStream' are not identical.
node_modules/@types/node/index.d.ts(3328,22): error TS2320: Interface 'Decipher' cannot simultaneously extend types 'Transform' and 'ReadWriteStream'.
  Named property 'unshift' of types 'Transform' and 'ReadWriteStream' are not identical.
node_modules/@types/node/index.d.ts(3328,22): error TS2320: Interface 'Decipher' cannot simultaneously extend types 'Transform' and 'ReadWriteStream'.
  Named property 'wrap' of types 'Transform' and 'ReadWriteStream' are not identical.
node_modules/@types/node/index.d.ts(3328,22): error TS2320: Interface 'Decipher' cannot simultaneously extend types 'Transform' and 'ReadWriteStream'.
  Named property 'write' of types 'Transform' and 'ReadWriteStream' are not identical.
node_modules/@types/node/index.d.ts(3340,22): error TS2320: Interface 'Signer' cannot simultaneously extend types 'Writable' and 'WritableStream'.
  Named property 'addListener' of types 'Writable' and 'WritableStream' are not identical.
node_modules/@types/node/index.d.ts(3340,22): error TS2320: Interface 'Signer' cannot simultaneously extend types 'Writable' and 'WritableStream'.
  Named property 'emit' of types 'Writable' and 'WritableStream' are not identical.
node_modules/@types/node/index.d.ts(3340,22): error TS2320: Interface 'Signer' cannot simultaneously extend types 'Writable' and 'WritableStream'.
  Named property 'end' of types 'Writable' and 'WritableStream' are not identical.
node_modules/@types/node/index.d.ts(3340,22): error TS2320: Interface 'Signer' cannot simultaneously extend types 'Writable' and 'WritableStream'.
  Named property 'eventNames' of types 'Writable' and 'WritableStream' are not identical.
node_modules/@types/node/index.d.ts(3340,22): error TS2320: Interface 'Signer' cannot simultaneously extend types 'Writable' and 'WritableStream'.
  Named property 'getMaxListeners' of types 'Writable' and 'WritableStream' are not identical.
node_modules/@types/node/index.d.ts(3340,22): error TS2320: Interface 'Signer' cannot simultaneously extend types 'Writable' and 'WritableStream'.
  Named property 'listenerCount' of types 'Writable' and 'WritableStream' are not identical.
node_modules/@types/node/index.d.ts(3340,22): error TS2320: Interface 'Signer' cannot simultaneously extend types 'Writable' and 'WritableStream'.
  Named property 'listeners' of types 'Writable' and 'WritableStream' are not identical.
node_modules/@types/node/index.d.ts(3340,22): error TS2320: Interface 'Signer' cannot simultaneously extend types 'Writable' and 'WritableStream'.
  Named property 'on' of types 'Writable' and 'WritableStream' are not identical.
node_modules/@types/node/index.d.ts(3340,22): error TS2320: Interface 'Signer' cannot simultaneously extend types 'Writable' and 'WritableStream'.
  Named property 'once' of types 'Writable' and 'WritableStream' are not identical.
node_modules/@types/node/index.d.ts(3340,22): error TS2320: Interface 'Signer' cannot simultaneously extend types 'Writable' and 'WritableStream'.
  Named property 'prependListener' of types 'Writable' and 'WritableStream' are not identical.
node_modules/@types/node/index.d.ts(3340,22): error TS2320: Interface 'Signer' cannot simultaneously extend types 'Writable' and 'WritableStream'.
  Named property 'prependOnceListener' of types 'Writable' and 'WritableStream' are not identical.
node_modules/@types/node/index.d.ts(3340,22): error TS2320: Interface 'Signer' cannot simultaneously extend types 'Writable' and 'WritableStream'.
  Named property 'removeAllListeners' of types 'Writable' and 'WritableStream' are not identical.
node_modules/@types/node/index.d.ts(3340,22): error TS2320: Interface 'Signer' cannot simultaneously extend types 'Writable' and 'WritableStream'.
  Named property 'removeListener' of types 'Writable' and 'WritableStream' are not identical.
node_modules/@types/node/index.d.ts(3340,22): error TS2320: Interface 'Signer' cannot simultaneously extend types 'Writable' and 'WritableStream'.
  Named property 'setMaxListeners' of types 'Writable' and 'WritableStream' are not identical.
node_modules/@types/node/index.d.ts(3340,22): error TS2320: Interface 'Signer' cannot simultaneously extend types 'Writable' and 'WritableStream'.
  Named property 'write' of types 'Writable' and 'WritableStream' are not identical.
node_modules/@types/node/index.d.ts(3347,22): error TS2320: Interface 'Verify' cannot simultaneously extend types 'Writable' and 'WritableStream'.
  Named property 'addListener' of types 'Writable' and 'WritableStream' are not identical.
node_modules/@types/node/index.d.ts(3347,22): error TS2320: Interface 'Verify' cannot simultaneously extend types 'Writable' and 'WritableStream'.
  Named property 'emit' of types 'Writable' and 'WritableStream' are not identical.
node_modules/@types/node/index.d.ts(3347,22): error TS2320: Interface 'Verify' cannot simultaneously extend types 'Writable' and 'WritableStream'.
  Named property 'end' of types 'Writable' and 'WritableStream' are not identical.
node_modules/@types/node/index.d.ts(3347,22): error TS2320: Interface 'Verify' cannot simultaneously extend types 'Writable' and 'WritableStream'.
  Named property 'eventNames' of types 'Writable' and 'WritableStream' are not identical.
node_modules/@types/node/index.d.ts(3347,22): error TS2320: Interface 'Verify' cannot simultaneously extend types 'Writable' and 'WritableStream'.
  Named property 'getMaxListeners' of types 'Writable' and 'WritableStream' are not identical.
node_modules/@types/node/index.d.ts(3347,22): error TS2320: Interface 'Verify' cannot simultaneously extend types 'Writable' and 'WritableStream'.
  Named property 'listenerCount' of types 'Writable' and 'WritableStream' are not identical.
node_modules/@types/node/index.d.ts(3347,22): error TS2320: Interface 'Verify' cannot simultaneously extend types 'Writable' and 'WritableStream'.
  Named property 'listeners' of types 'Writable' and 'WritableStream' are not identical.
node_modules/@types/node/index.d.ts(3347,22): error TS2320: Interface 'Verify' cannot simultaneously extend types 'Writable' and 'WritableStream'.
  Named property 'on' of types 'Writable' and 'WritableStream' are not identical.
node_modules/@types/node/index.d.ts(3347,22): error TS2320: Interface 'Verify' cannot simultaneously extend types 'Writable' and 'WritableStream'.
  Named property 'once' of types 'Writable' and 'WritableStream' are not identical.
node_modules/@types/node/index.d.ts(3347,22): error TS2320: Interface 'Verify' cannot simultaneously extend types 'Writable' and 'WritableStream'.
  Named property 'prependListener' of types 'Writable' and 'WritableStream' are not identical.
node_modules/@types/node/index.d.ts(3347,22): error TS2320: Interface 'Verify' cannot simultaneously extend types 'Writable' and 'WritableStream'.
  Named property 'prependOnceListener' of types 'Writable' and 'WritableStream' are not identical.
node_modules/@types/node/index.d.ts(3347,22): error TS2320: Interface 'Verify' cannot simultaneously extend types 'Writable' and 'WritableStream'.
  Named property 'removeAllListeners' of types 'Writable' and 'WritableStream' are not identical.
node_modules/@types/node/index.d.ts(3347,22): error TS2320: Interface 'Verify' cannot simultaneously extend types 'Writable' and 'WritableStream'.
  Named property 'removeListener' of types 'Writable' and 'WritableStream' are not identical.
node_modules/@types/node/index.d.ts(3347,22): error TS2320: Interface 'Verify' cannot simultaneously extend types 'Writable' and 'WritableStream'.
  Named property 'setMaxListeners' of types 'Writable' and 'WritableStream' are not identical.
node_modules/@types/node/index.d.ts(3347,22): error TS2320: Interface 'Verify' cannot simultaneously extend types 'Writable' and 'WritableStream'.
  Named property 'write' of types 'Writable' and 'WritableStream' are not identical.
node_modules/@types/node/index.d.ts(3438,22): error TS2420: Class 'Readable' incorrectly implements interface 'ReadableStream'.
  Types of property 'eventNames' are incompatible.
    Type '() => (string | symbol)[]' is not assignable to type '{ (): string[]; (): (string | symbol)[]; }'.
      Type '(string | symbol)[]' is not assignable to type 'string[]'.
        Type 'string | symbol' is not assignable to type 'string'.
          Type 'symbol' is not assignable to type 'string'.
node_modules/@types/node/index.d.ts(3521,22): error TS2420: Class 'Writable' incorrectly implements interface 'WritableStream'.
  Property 'setDefaultEncoding' is missing in type 'Writable'.
node_modules/@types/node/index.d.ts(3605,22): error TS2420: Class 'Duplex' incorrectly implements interface 'ReadWriteStream'.
  Types of property 'eventNames' are incompatible.
    Type '() => (string | symbol)[]' is not assignable to type '{ (): string[]; (): (string | symbol)[]; }'.
      Type '(string | symbol)[]' is not assignable to type 'string[]'.
        Type 'string | symbol' is not assignable to type 'string'.
          Type 'symbol' is not assignable to type 'string'.
node_modules/@types/node/index.d.ts(3626,22): error TS2420: Class 'Transform' incorrectly implements interface 'ReadWriteStream'.
  Types of property 'eventNames' are incompatible.
    Type '() => (string | symbol)[]' is not assignable to type '{ (): string[]; (): (string | symbol)[]; }'.
      Type '(string | symbol)[]' is not assignable to type 'string[]'.
        Type 'string | symbol' is not assignable to type 'string'.
          Type 'symbol' is not assignable to type 'string'.
node_modules/@types/node/index.d.ts(3652,5): error TS2309: An export assignment cannot be used in a module with other exported elements.
node_modules/@types/node/index.d.ts(3658,9): error TS2403: Subsequent variable declarations must have the same type.  Variable 'depth' must be of type 'number | null | undefined', but here has type 'number | undefined'.
node_modules/@types/node/index.d.ts(3735,5): error TS2300: Duplicate identifier 'export='.
node_modules/@types/node/index.d.ts(3757,18): error TS2300: Duplicate identifier 'Domain'.
node_modules/@types/node/index.d.ts(3757,18): error TS2420: Class 'Domain' incorrectly implements interface 'NodeJS.Domain'.
  Types of property 'eventNames' are incompatible.
    Type '() => (string | symbol)[]' is not assignable to type '{ (): string[]; (): (string | symbol)[]; }'.
      Type '(string | symbol)[]' is not assignable to type 'string[]'.
        Type 'string | symbol' is not assignable to type 'string'.
          Type 'symbol' is not assignable to type 'string'.
node_modules/@types/node/index.d.ts(4049,5): error TS2300: Duplicate identifier 'export='.
src/Main.ts(25,5): error TS6133: 'someVar' is declared but never used.
tests/Main.ts(1,18): error TS2307: Cannot find module 'ava'.
tests/Main.ts(5,25): error TS7006: Parameter 't' implicitly has an 'any' type.
tests/Main.ts(9,25): error TS7006: Parameter 't' implicitly has an 'any' type.
typings/globals/es2015/index.d.ts(5,5): error TS2403: Subsequent variable declarations must have the same type.  Variable 'value' must be of type 'T', but here has type 'T | undefined'.
typings/globals/es2015/index.d.ts(5,5): error TS2687: All declarations of 'value' must have identical modifiers.
typings/globals/es2015/index.d.ts(14,14): error TS2300: Duplicate identifier 'Iterable'.
typings/globals/es2015/index.d.ts(112,15): error TS2300: Duplicate identifier 'Map'.
typings/globals/es2015/index.d.ts(200,15): error TS2300: Duplicate identifier 'Set'.
typings/globals/es2015/index.d.ts(274,15): error TS2300: Duplicate identifier 'WeakMap'.
typings/globals/es2015/index.d.ts(332,15): error TS2300: Duplicate identifier 'WeakSet'.
typings/globals/es2015/index.d.ts(456,5): error TS2687: All declarations of 'EPSILON' must have identical modifiers.
typings/globals/es2015/index.d.ts(459,5): error TS2687: All declarations of 'MAX_SAFE_INTEGER' must have identical modifiers.
typings/globals/es2015/index.d.ts(462,5): error TS2687: All declarations of 'MIN_SAFE_INTEGER' must have identical modifiers.
typings/globals/es2015/index.d.ts(581,15): error TS2300: Duplicate identifier 'Promise'.
typings/globals/es2015/index.d.ts(811,5): error TS2687: All declarations of 'flags' must have identical modifiers.
typings/globals/es2015/index.d.ts(852,13): error TS2403: Subsequent variable declarations must have the same type.  Variable 'Symbol' must be of type 'SymbolConstructor', but here has type 'Symbol'.
typings/globals/node/index.d.ts(165,15): error TS2300: Duplicate identifier 'Buffer'.
typings/globals/node/index.d.ts(599,7): error TS2502: 'BuffType' is referenced directly or indirectly in its own type annotation.
typings/globals/node/index.d.ts(600,7): error TS2502: 'SlowBuffType' is referenced directly or indirectly in its own type annotation.
typings/globals/node/index.d.ts(602,24): error TS2300: Duplicate identifier 'Buffer'.
typings/globals/node/index.d.ts(602,48): error TS2300: Duplicate identifier 'SlowBuffer'.
typings/globals/node/index.d.ts(701,16): error TS2415: Class 'ServerResponse' incorrectly extends base class 'OutgoingMessage'.
  Types of property 'setTimeout' are incompatible.
    Type '(msecs: number, callback: Function) => ServerResponse' is not assignable to type '(msecs: number, callback?: (() => void) | undefined) => this'.
      Types of parameters 'callback' and 'callback' are incompatible.
        Type '(() => void) | undefined' is not assignable to type 'Function'.
          Type 'undefined' is not assignable to type 'Function'.
typings/globals/node/index.d.ts(713,16): error TS2415: Class 'ClientRequest' incorrectly extends base class 'OutgoingMessage'.
  Types of property 'setTimeout' are incompatible.
    Type '(timeout: number, callback?: Function | undefined) => void' is not assignable to type '(msecs: number, callback?: (() => void) | undefined) => this'.
      Type 'void' is not assignable to type 'this'.
typings/globals/node/index.d.ts(769,16): error TS2300: Duplicate identifier 'Agent'.
typings/globals/node/index.d.ts(815,16): error TS2300: Duplicate identifier 'Worker'.
typings/globals/node/index.d.ts(1045,16): error TS2300: Duplicate identifier 'Agent'.
typings/globals/node/index.d.ts(1134,20): error TS2300: Duplicate identifier 'Completer'.
typings/globals/node/index.d.ts(1139,20): error TS2300: Duplicate identifier 'CompleterResult'.
typings/globals/node/index.d.ts(1186,16): error TS2300: Duplicate identifier 'Script'.
typings/globals/node/index.d.ts(1212,12): error TS2694: Namespace 'internal' has no exported member 'Listener'.
typings/globals/node/index.d.ts(1213,12): error TS2694: Namespace 'internal' has no exported member 'Listener'.
typings/globals/node/index.d.ts(1214,12): error TS2694: Namespace 'internal' has no exported member 'Listener'.
typings/globals/node/index.d.ts(1215,12): error TS2694: Namespace 'internal' has no exported member 'Listener'.
typings/globals/node/index.d.ts(1216,12): error TS2694: Namespace 'internal' has no exported member 'Listener'.
typings/globals/node/index.d.ts(1389,16): error TS2451: Cannot redeclare block-scoped variable 'NODATA'.
typings/globals/node/index.d.ts(1390,16): error TS2451: Cannot redeclare block-scoped variable 'FORMERR'.
typings/globals/node/index.d.ts(1391,16): error TS2451: Cannot redeclare block-scoped variable 'SERVFAIL'.
typings/globals/node/index.d.ts(1392,16): error TS2451: Cannot redeclare block-scoped variable 'NOTFOUND'.
typings/globals/node/index.d.ts(1393,16): error TS2451: Cannot redeclare block-scoped variable 'NOTIMP'.
typings/globals/node/index.d.ts(1394,16): error TS2451: Cannot redeclare block-scoped variable 'REFUSED'.
typings/globals/node/index.d.ts(1395,16): error TS2451: Cannot redeclare block-scoped variable 'BADQUERY'.
typings/globals/node/index.d.ts(1396,16): error TS2451: Cannot redeclare block-scoped variable 'BADNAME'.
typings/globals/node/index.d.ts(1397,16): error TS2451: Cannot redeclare block-scoped variable 'BADFAMILY'.
typings/globals/node/index.d.ts(1398,16): error TS2451: Cannot redeclare block-scoped variable 'BADRESP'.
typings/globals/node/index.d.ts(1399,16): error TS2451: Cannot redeclare block-scoped variable 'CONNREFUSED'.
typings/globals/node/index.d.ts(1400,16): error TS2451: Cannot redeclare block-scoped variable 'TIMEOUT'.
typings/globals/node/index.d.ts(1401,16): error TS2451: Cannot redeclare block-scoped variable 'EOF'.
typings/globals/node/index.d.ts(1402,16): error TS2451: Cannot redeclare block-scoped variable 'FILE'.
typings/globals/node/index.d.ts(1403,16): error TS2451: Cannot redeclare block-scoped variable 'NOMEM'.
typings/globals/node/index.d.ts(1404,16): error TS2451: Cannot redeclare block-scoped variable 'DESTRUCTION'.
typings/globals/node/index.d.ts(1405,16): error TS2451: Cannot redeclare block-scoped variable 'BADSTR'.
typings/globals/node/index.d.ts(1406,16): error TS2451: Cannot redeclare block-scoped variable 'BADFLAGS'.
typings/globals/node/index.d.ts(1407,16): error TS2451: Cannot redeclare block-scoped variable 'NONAME'.
typings/globals/node/index.d.ts(1408,16): error TS2451: Cannot redeclare block-scoped variable 'BADHINTS'.
typings/globals/node/index.d.ts(1409,16): error TS2451: Cannot redeclare block-scoped variable 'NOTINITIALIZED'.
typings/globals/node/index.d.ts(1410,16): error TS2451: Cannot redeclare block-scoped variable 'LOADIPHLPAPI'.
typings/globals/node/index.d.ts(1411,16): error TS2451: Cannot redeclare block-scoped variable 'ADDRGETNETWORKPARAMS'.
typings/globals/node/index.d.ts(1412,16): error TS2451: Cannot redeclare block-scoped variable 'CANCELLED'.
typings/globals/node/index.d.ts(1418,16): error TS2300: Duplicate identifier 'Socket'.
typings/globals/node/index.d.ts(1577,12): error TS2694: Namespace 'internal' has no exported member 'Listener'.
typings/globals/node/index.d.ts(1582,12): error TS2694: Namespace 'internal' has no exported member 'Listener'.
typings/globals/node/index.d.ts(1583,12): error TS2694: Namespace 'internal' has no exported member 'Listener'.
typings/globals/node/index.d.ts(1591,12): error TS2694: Namespace 'internal' has no exported member 'Listener'.
typings/globals/node/index.d.ts(1592,12): error TS2694: Namespace 'internal' has no exported member 'Listener'.
typings/globals/node/index.d.ts(1603,16): error TS2451: Cannot redeclare block-scoped variable 'constants'.
typings/globals/node/index.d.ts(2358,16): error TS2300: Duplicate identifier 'StringDecoder'.
typings/globals/node/index.d.ts(2391,16): error TS2415: Class 'Server' incorrectly extends base class 'Server'.
  Types of property 'close' are incompatible.
    Type '(callback?: Function | undefined) => Server' is not assignable to type '{ (callback?: (() => void) | undefined): this; (callback?: Function | undefined): Server; }'.
      Type 'Server' is not assignable to type 'this'.
typings/globals/node/index.d.ts(2520,16): error TS2300: Duplicate identifier 'TLSSocket'.
typings/globals/node/index.d.ts(2842,16): error TS2300: Duplicate identifier 'Certificate'.
typings/globals/node/index.d.ts(2979,16): error TS2420: Class 'Readable' incorrectly implements interface 'ReadableStream'.
  Types of property 'unpipe' are incompatible.
    Type '<T extends WritableStream>(destination?: T | undefined) => void' is not assignable to type '{ <T extends WritableStream>(destination?: T | undefined): void; <T extends WritableStream>(desti...'.
      Type 'void' is not assignable to type 'this'.
typings/globals/node/index.d.ts(3003,16): error TS2420: Class 'Writable' incorrectly implements interface 'WritableStream'.
  Types of property 'eventNames' are incompatible.
    Type '() => (string | symbol)[]' is not assignable to type '{ (): string[]; (): (string | symbol)[]; }'.
      Type '(string | symbol)[]' is not assignable to type 'string[]'.
        Type 'string | symbol' is not assignable to type 'string'.
          Type 'symbol' is not assignable to type 'string'.
typings/globals/node/index.d.ts(3331,3): error TS2300: Duplicate identifier 'export='.
typings/globals/node/index.d.ts(3353,16): error TS2300: Duplicate identifier 'Domain'.
typings/globals/node/index.d.ts(3353,16): error TS2420: Class 'Domain' incorrectly implements interface 'NodeJS.Domain'.
  Types of property 'eventNames' are incompatible.
    Type '() => (string | symbol)[]' is not assignable to type '{ (): string[]; (): (string | symbol)[]; }'.
      Type '(string | symbol)[]' is not assignable to type 'string[]'.
        Type 'string | symbol' is not assignable to type 'string'.
          Type 'symbol' is not assignable to type 'string'.
typings/globals/node/index.d.ts(3620,3): error TS2300: Duplicate identifier 'export='.
../../../usr/lib/node_modules/typescript/lib/lib.es6.d.ts(1371,11): error TS2300: Duplicate identifier 'Promise'.
../../../usr/lib/node_modules/typescript/lib/lib.es6.d.ts(4770,11): error TS2300: Duplicate identifier 'Map'.
../../../usr/lib/node_modules/typescript/lib/lib.es6.d.ts(4785,13): error TS2300: Duplicate identifier 'Map'.
../../../usr/lib/node_modules/typescript/lib/lib.es6.d.ts(4794,11): error TS2300: Duplicate identifier 'WeakMap'.
../../../usr/lib/node_modules/typescript/lib/lib.es6.d.ts(4806,13): error TS2300: Duplicate identifier 'WeakMap'.
../../../usr/lib/node_modules/typescript/lib/lib.es6.d.ts(4808,11): error TS2300: Duplicate identifier 'Set'.
../../../usr/lib/node_modules/typescript/lib/lib.es6.d.ts(4822,13): error TS2300: Duplicate identifier 'Set'.
../../../usr/lib/node_modules/typescript/lib/lib.es6.d.ts(4830,11): error TS2300: Duplicate identifier 'WeakSet'.
../../../usr/lib/node_modules/typescript/lib/lib.es6.d.ts(4841,13): error TS2300: Duplicate identifier 'WeakSet'.
../../../usr/lib/node_modules/typescript/lib/lib.es6.d.ts(4879,11): error TS2300: Duplicate identifier 'Iterable'.
../../../usr/lib/node_modules/typescript/lib/lib.es6.d.ts(4948,11): error TS2300: Duplicate identifier 'Map'.
../../../usr/lib/node_modules/typescript/lib/lib.es6.d.ts(4959,11): error TS2300: Duplicate identifier 'WeakMap'.
../../../usr/lib/node_modules/typescript/lib/lib.es6.d.ts(4965,11): error TS2300: Duplicate identifier 'Set'.
../../../usr/lib/node_modules/typescript/lib/lib.es6.d.ts(4976,11): error TS2300: Duplicate identifier 'WeakSet'.
../../../usr/lib/node_modules/typescript/lib/lib.es6.d.ts(4982,11): error TS2300: Duplicate identifier 'Promise'.
../../../usr/lib/node_modules/typescript/lib/lib.es6.d.ts(5508,13): error TS2300: Duplicate identifier 'Promise'.
../../../usr/lib/node_modules/typescript/lib/lib.es6.d.ts(5695,11): error TS2300: Duplicate identifier 'Map'.
../../../usr/lib/node_modules/typescript/lib/lib.es6.d.ts(5699,11): error TS2300: Duplicate identifier 'WeakMap'.
../../../usr/lib/node_modules/typescript/lib/lib.es6.d.ts(5703,11): error TS2300: Duplicate identifier 'Set'.
../../../usr/lib/node_modules/typescript/lib/lib.es6.d.ts(5707,11): error TS2300: Duplicate identifier 'WeakSet'.
../../../usr/lib/node_modules/typescript/lib/lib.es6.d.ts(5734,11): error TS2300: Duplicate identifier 'Promise'.
00:18:26 GMT+0200 (CEST) - Compilation complete. Watching for file changes.


00:19:08 GMT+0200 (CEST) - File change detected. Starting incremental compilation...


node_modules/@types/node/index.d.ts(14,5): error TS2403: Subsequent variable declarations must have the same type.  Variable 'Console' must be of type 'new (stdout: WritableStream) => Console', but here has type 'ConsoleConstructor'.
node_modules/@types/node/index.d.ts(79,5): error TS2403: Subsequent variable declarations must have the same type.  Variable 'cache' must be of type '{ [filename: string]: NodeModule; }', but here has type 'any'.
node_modules/@types/node/index.d.ts(80,5): error TS2403: Subsequent variable declarations must have the same type.  Variable 'extensions' must be of type 'NodeExtensions', but here has type 'any'.
node_modules/@types/node/index.d.ts(81,5): error TS2403: Subsequent variable declarations must have the same type.  Variable 'main' must be of type 'any', but here has type 'NodeModule | undefined'.
node_modules/@types/node/index.d.ts(92,5): error TS2403: Subsequent variable declarations must have the same type.  Variable 'parent' must be of type 'NodeModule', but here has type 'NodeModule | null'.
node_modules/@types/node/index.d.ts(114,11): error TS2300: Duplicate identifier 'Buffer'.
node_modules/@types/node/index.d.ts(121,13): error TS2300: Duplicate identifier 'Buffer'.
node_modules/@types/node/index.d.ts(378,9): error TS2403: Subsequent variable declarations must have the same type.  Variable 'env' must be of type 'Env', but here has type 'any'.
node_modules/@types/node/index.d.ts(380,9): error TS2403: Subsequent variable declarations must have the same type.  Variable 'exitCode' must be of type 'number | undefined', but here has type 'number'.
node_modules/@types/node/index.d.ts(380,9): error TS2687: All declarations of 'exitCode' must have identical modifiers.
node_modules/@types/node/index.d.ts(419,9): error TS2403: Subsequent variable declarations must have the same type.  Variable 'platform' must be of type 'string', but here has type 'Platform'.
node_modules/@types/node/index.d.ts(577,26): error TS2300: Duplicate identifier 'Buffer'.
node_modules/@types/node/index.d.ts(577,50): error TS2300: Duplicate identifier 'SlowBuffer'.
node_modules/@types/node/index.d.ts(601,22): error TS2415: Class 'EventEmitter' incorrectly extends base class 'internal'.
  Types of property 'eventNames' are incompatible.
    Type '() => (string | symbol)[]' is not assignable to type '{ (): string[]; (): (string | symbol)[]; }'.
      Type '(string | symbol)[]' is not assignable to type 'string[]'.
        Type 'string | symbol' is not assignable to type 'string'.
          Type 'symbol' is not assignable to type 'string'.
node_modules/@types/node/index.d.ts(621,5): error TS2309: An export assignment cannot be used in a module with other exported elements.
node_modules/@types/node/index.d.ts(634,9): error TS2403: Subsequent variable declarations must have the same type.  Variable 'port' must be of type 'string | number | undefined', but here has type 'number | undefined'.
node_modules/@types/node/index.d.ts(639,9): error TS2403: Subsequent variable declarations must have the same type.  Variable 'headers' must be of type 'OutgoingHeaders | undefined', but here has type '{ [key: string]: any; } | undefined'.
node_modules/@types/node/index.d.ts(657,22): error TS2430: Interface 'ServerResponse' incorrectly extends interface 'OutgoingMessage'.
node_modules/@types/node/index.d.ts(687,22): error TS2430: Interface 'ClientRequest' incorrectly extends interface 'OutgoingMessage'.
node_modules/@types/node/index.d.ts(718,9): error TS2403: Subsequent variable declarations must have the same type.  Variable 'headers' must be of type 'IncomingHeaders', but here has type 'any'.
node_modules/@types/node/index.d.ts(720,9): error TS2403: Subsequent variable declarations must have the same type.  Variable 'trailers' must be of type 'IncomingHeaders', but here has type 'any'.
node_modules/@types/node/index.d.ts(721,9): error TS2403: Subsequent variable declarations must have the same type.  Variable 'rawTrailers' must be of type 'string[]', but here has type 'any'.
node_modules/@types/node/index.d.ts(767,18): error TS2300: Duplicate identifier 'Agent'.
node_modules/@types/node/index.d.ts(822,9): error TS2403: Subsequent variable declarations must have the same type.  Variable 'addressType' must be of type 'string', but here has type 'number | "udp4" | "udp6"'.
node_modules/@types/node/index.d.ts(825,18): error TS2300: Duplicate identifier 'Worker'.
node_modules/@types/node/index.d.ts(1354,9): error TS2403: Subsequent variable declarations must have the same type.  Variable 'SNICallback' must be of type '((servername: string) => any) | undefined', but here has type '((servername: string, cb: (err: Error, ctx: SecureContext) => any) => any) | undefined'.
node_modules/@types/node/index.d.ts(1358,9): error TS2403: Subsequent variable declarations must have the same type.  Variable 'pfx' must be of type 'string | Buffer | undefined', but here has type 'any'.
node_modules/@types/node/index.d.ts(1359,9): error TS2403: Subsequent variable declarations must have the same type.  Variable 'key' must be of type 'string | Buffer | undefined', but here has type 'any'.
node_modules/@types/node/index.d.ts(1361,9): error TS2403: Subsequent variable declarations must have the same type.  Variable 'cert' must be of type 'string | Buffer | undefined', but here has type 'any'.
node_modules/@types/node/index.d.ts(1362,9): error TS2403: Subsequent variable declarations must have the same type.  Variable 'ca' must be of type 'string | string[] | Buffer | Buffer[] | undefined', but here has type 'any'.
node_modules/@types/node/index.d.ts(1368,22): error TS2300: Duplicate identifier 'Agent'.
node_modules/@types/node/index.d.ts(1371,9): error TS2403: Subsequent variable declarations must have the same type.  Variable 'pfx' must be of type 'string | Buffer | undefined', but here has type 'any'.
node_modules/@types/node/index.d.ts(1372,9): error TS2403: Subsequent variable declarations must have the same type.  Variable 'key' must be of type 'string | string[] | Buffer | Buffer[] | undefined', but here has type 'any'.
node_modules/@types/node/index.d.ts(1374,9): error TS2403: Subsequent variable declarations must have the same type.  Variable 'cert' must be of type 'string | string[] | Buffer | Buffer[] | undefined', but here has type 'any'.
node_modules/@types/node/index.d.ts(1375,9): error TS2403: Subsequent variable declarations must have the same type.  Variable 'ca' must be of type 'string | string[] | Buffer | Buffer[] | undefined', but here has type 'any'.
node_modules/@types/node/index.d.ts(1382,16): error TS2300: Duplicate identifier 'Agent'.
node_modules/@types/node/index.d.ts(1420,9): error TS2403: Subsequent variable declarations must have the same type.  Variable 'replMode' must be of type 'symbol | undefined', but here has type 'any'.
node_modules/@types/node/index.d.ts(1421,9): error TS2403: Subsequent variable declarations must have the same type.  Variable 'breakEvalOnSigint' must be of type 'boolean | undefined', but here has type 'any'.
node_modules/@types/node/index.d.ts(1424,22): error TS2320: Interface 'REPLServer' cannot simultaneously extend types 'Interface' and 'ReadLine'.
  Named property 'pause' of types 'Interface' and 'ReadLine' are not identical.
node_modules/@types/node/index.d.ts(1424,22): error TS2320: Interface 'REPLServer' cannot simultaneously extend types 'Interface' and 'ReadLine'.
  Named property 'resume' of types 'Interface' and 'ReadLine' are not identical.
node_modules/@types/node/index.d.ts(1549,10): error TS2300: Duplicate identifier 'Completer'.
node_modules/@types/node/index.d.ts(1552,17): error TS2300: Duplicate identifier 'CompleterResult'.
node_modules/@types/node/index.d.ts(1589,18): error TS2300: Duplicate identifier 'Script'.
node_modules/@types/node/index.d.ts(1697,22): error TS2430: Interface 'ExecOptionsWithBufferEncoding' incorrectly extends interface 'ExecOptions'.
  Types of property 'encoding' are incompatible.
    Type 'string' is not assignable to type '"buffer" | "ascii" | "latin1" | "binary" | "utf8" | "utf-8" | "ucs2" | "ucs-2" | "utf16le" | "utf...'.
node_modules/@types/node/index.d.ts(1718,22): error TS2430: Interface 'ExecFileOptionsWithBufferEncoding' incorrectly extends interface 'ExecFileOptions'.
  Types of property 'encoding' are incompatible.
    Type 'string' is not assignable to type '"buffer" | "ascii" | "latin1" | "binary" | "utf8" | "utf-8" | "ucs2" | "ucs-2" | "utf16le" | "utf...'.
node_modules/@types/node/index.d.ts(1753,9): error TS2403: Subsequent variable declarations must have the same type.  Variable 'encoding' must be of type '"buffer" | "ascii" | "latin1" | "binary" | "utf8" | "utf-8" | "ucs2" | "ucs-2" | "utf16le" | "utf...', but here has type 'string | undefined'.
node_modules/@types/node/index.d.ts(1759,22): error TS2430: Interface 'SpawnSyncOptionsWithBufferEncoding' incorrectly extends interface 'SpawnSyncOptions'.
  Types of property 'encoding' are incompatible.
    Type 'string' is not assignable to type '"buffer" | "ascii" | "latin1" | "binary" | "utf8" | "utf-8" | "ucs2" | "ucs-2" | "utf16le" | "utf...'.
node_modules/@types/node/index.d.ts(1790,9): error TS2403: Subsequent variable declarations must have the same type.  Variable 'encoding' must be of type '"buffer" | "ascii" | "latin1" | "binary" | "utf8" | "utf-8" | "ucs2" | "ucs-2" | "utf16le" | "utf...', but here has type 'string | undefined'.
node_modules/@types/node/index.d.ts(1795,22): error TS2430: Interface 'ExecSyncOptionsWithBufferEncoding' incorrectly extends interface 'ExecSyncOptions'.
  Types of property 'encoding' are incompatible.
    Type 'string' is not assignable to type '"buffer" | "ascii" | "latin1" | "binary" | "utf8" | "utf-8" | "ucs2" | "ucs-2" | "utf16le" | "utf...'.
node_modules/@types/node/index.d.ts(1813,9): error TS2403: Subsequent variable declarations must have the same type.  Variable 'encoding' must be of type '"buffer" | "ascii" | "latin1" | "binary" | "utf8" | "utf-8" | "ucs2" | "ucs-2" | "utf16le" | "utf...', but here has type 'string | undefined'.
node_modules/@types/node/index.d.ts(1818,22): error TS2430: Interface 'ExecFileSyncOptionsWithBufferEncoding' incorrectly extends interface 'ExecFileSyncOptions'.
  Types of property 'encoding' are incompatible.
    Type 'string' is not assignable to type '"buffer" | "ascii" | "latin1" | "binary" | "utf8" | "utf-8" | "ucs2" | "ucs-2" | "utf16le" | "utf...'.
node_modules/@types/node/index.d.ts(1907,16): error TS2451: Cannot redeclare block-scoped variable 'NODATA'.
node_modules/@types/node/index.d.ts(1908,16): error TS2451: Cannot redeclare block-scoped variable 'FORMERR'.
node_modules/@types/node/index.d.ts(1909,16): error TS2451: Cannot redeclare block-scoped variable 'SERVFAIL'.
node_modules/@types/node/index.d.ts(1910,16): error TS2451: Cannot redeclare block-scoped variable 'NOTFOUND'.
node_modules/@types/node/index.d.ts(1911,16): error TS2451: Cannot redeclare block-scoped variable 'NOTIMP'.
node_modules/@types/node/index.d.ts(1912,16): error TS2451: Cannot redeclare block-scoped variable 'REFUSED'.
node_modules/@types/node/index.d.ts(1913,16): error TS2451: Cannot redeclare block-scoped variable 'BADQUERY'.
node_modules/@types/node/index.d.ts(1914,16): error TS2451: Cannot redeclare block-scoped variable 'BADNAME'.
node_modules/@types/node/index.d.ts(1915,16): error TS2451: Cannot redeclare block-scoped variable 'BADFAMILY'.
node_modules/@types/node/index.d.ts(1916,16): error TS2451: Cannot redeclare block-scoped variable 'BADRESP'.
node_modules/@types/node/index.d.ts(1917,16): error TS2451: Cannot redeclare block-scoped variable 'CONNREFUSED'.
node_modules/@types/node/index.d.ts(1918,16): error TS2451: Cannot redeclare block-scoped variable 'TIMEOUT'.
node_modules/@types/node/index.d.ts(1919,16): error TS2451: Cannot redeclare block-scoped variable 'EOF'.
node_modules/@types/node/index.d.ts(1920,16): error TS2451: Cannot redeclare block-scoped variable 'FILE'.
node_modules/@types/node/index.d.ts(1921,16): error TS2451: Cannot redeclare block-scoped variable 'NOMEM'.
node_modules/@types/node/index.d.ts(1922,16): error TS2451: Cannot redeclare block-scoped variable 'DESTRUCTION'.
node_modules/@types/node/index.d.ts(1923,16): error TS2451: Cannot redeclare block-scoped variable 'BADSTR'.
node_modules/@types/node/index.d.ts(1924,16): error TS2451: Cannot redeclare block-scoped variable 'BADFLAGS'.
node_modules/@types/node/index.d.ts(1925,16): error TS2451: Cannot redeclare block-scoped variable 'NONAME'.
node_modules/@types/node/index.d.ts(1926,16): error TS2451: Cannot redeclare block-scoped variable 'BADHINTS'.
node_modules/@types/node/index.d.ts(1927,16): error TS2451: Cannot redeclare block-scoped variable 'NOTINITIALIZED'.
node_modules/@types/node/index.d.ts(1928,16): error TS2451: Cannot redeclare block-scoped variable 'LOADIPHLPAPI'.
node_modules/@types/node/index.d.ts(1929,16): error TS2451: Cannot redeclare block-scoped variable 'ADDRGETNETWORKPARAMS'.
node_modules/@types/node/index.d.ts(1930,16): error TS2451: Cannot redeclare block-scoped variable 'CANCELLED'.
node_modules/@types/node/index.d.ts(1937,22): error TS2300: Duplicate identifier 'Socket'.
node_modules/@types/node/index.d.ts(2048,16): error TS2300: Duplicate identifier 'Socket'.
node_modules/@types/node/index.d.ts(2060,22): error TS2320: Interface 'Server' cannot simultaneously extend types 'Socket' and 'EventEmitter'.
  Named property 'removeListener' of types 'Socket' and 'EventEmitter' are not identical.
node_modules/@types/node/index.d.ts(2157,9): error TS2403: Subsequent variable declarations must have the same type.  Variable 'type' must be of type 'string', but here has type '"udp4" | "udp6"'.
node_modules/@types/node/index.d.ts(2573,22): error TS2451: Cannot redeclare block-scoped variable 'constants'.
node_modules/@types/node/index.d.ts(2870,16): error TS2300: Duplicate identifier 'StringDecoder'.
node_modules/@types/node/index.d.ts(2921,18): error TS2300: Duplicate identifier 'TLSSocket'.
node_modules/@types/node/index.d.ts(3161,22): error TS2430: Interface 'Server' incorrectly extends interface 'Server'.
node_modules/@types/node/index.d.ts(3247,9): error TS2403: Subsequent variable declarations must have the same type.  Variable 'key' must be of type 'string | string[] | Buffer | { pem: string | string[] | Buffer; passphrase: string; }[] | undefined', but here has type 'string | Buffer | undefined'.
node_modules/@types/node/index.d.ts(3249,9): error TS2403: Subsequent variable declarations must have the same type.  Variable 'cert' must be of type 'string | string[] | Buffer | Buffer[] | undefined', but here has type 'string | Buffer | undefined'.
node_modules/@types/node/index.d.ts(3250,9): error TS2403: Subsequent variable declarations must have the same type.  Variable 'ca' must be of type 'string | string[] | Buffer | Buffer[] | undefined', but here has type 'string | Buffer | undefined'.
node_modules/@types/node/index.d.ts(3269,22): error TS2300: Duplicate identifier 'Certificate'.
node_modules/@types/node/index.d.ts(3274,16): error TS2300: Duplicate identifier 'Certificate'.
node_modules/@types/node/index.d.ts(3301,22): error TS2320: Interface 'Hash' cannot simultaneously extend types 'Transform' and 'ReadWriteStream'.
  Named property 'addListener' of types 'Transform' and 'ReadWriteStream' are not identical.
node_modules/@types/node/index.d.ts(3301,22): error TS2320: Interface 'Hash' cannot simultaneously extend types 'Transform' and 'ReadWriteStream'.
  Named property 'emit' of types 'Transform' and 'ReadWriteStream' are not identical.
node_modules/@types/node/index.d.ts(3301,22): error TS2320: Interface 'Hash' cannot simultaneously extend types 'Transform' and 'ReadWriteStream'.
  Named property 'end' of types 'Transform' and 'ReadWriteStream' are not identical.
node_modules/@types/node/index.d.ts(3301,22): error TS2320: Interface 'Hash' cannot simultaneously extend types 'Transform' and 'ReadWriteStream'.
  Named property 'eventNames' of types 'Transform' and 'ReadWriteStream' are not identical.
node_modules/@types/node/index.d.ts(3301,22): error TS2320: Interface 'Hash' cannot simultaneously extend types 'Transform' and 'ReadWriteStream'.
  Named property 'getMaxListeners' of types 'Transform' and 'ReadWriteStream' are not identical.
node_modules/@types/node/index.d.ts(3301,22): error TS2320: Interface 'Hash' cannot simultaneously extend types 'Transform' and 'ReadWriteStream'.
  Named property 'isPaused' of types 'Transform' and 'ReadWriteStream' are not identical.
node_modules/@types/node/index.d.ts(3301,22): error TS2320: Interface 'Hash' cannot simultaneously extend types 'Transform' and 'ReadWriteStream'.
  Named property 'listenerCount' of types 'Transform' and 'ReadWriteStream' are not identical.
node_modules/@types/node/index.d.ts(3301,22): error TS2320: Interface 'Hash' cannot simultaneously extend types 'Transform' and 'ReadWriteStream'.
  Named property 'listeners' of types 'Transform' and 'ReadWriteStream' are not identical.
node_modules/@types/node/index.d.ts(3301,22): error TS2320: Interface 'Hash' cannot simultaneously extend types 'Transform' and 'ReadWriteStream'.
  Named property 'on' of types 'Transform' and 'ReadWriteStream' are not identical.
node_modules/@types/node/index.d.ts(3301,22): error TS2320: Interface 'Hash' cannot simultaneously extend types 'Transform' and 'ReadWriteStream'.
  Named property 'once' of types 'Transform' and 'ReadWriteStream' are not identical.
node_modules/@types/node/index.d.ts(3301,22): error TS2320: Interface 'Hash' cannot simultaneously extend types 'Transform' and 'ReadWriteStream'.
  Named property 'pause' of types 'Transform' and 'ReadWriteStream' are not identical.
node_modules/@types/node/index.d.ts(3301,22): error TS2320: Interface 'Hash' cannot simultaneously extend types 'Transform' and 'ReadWriteStream'.
  Named property 'pipe' of types 'Transform' and 'ReadWriteStream' are not identical.
node_modules/@types/node/index.d.ts(3301,22): error TS2320: Interface 'Hash' cannot simultaneously extend types 'Transform' and 'ReadWriteStream'.
  Named property 'prependListener' of types 'Transform' and 'ReadWriteStream' are not identical.
node_modules/@types/node/index.d.ts(3301,22): error TS2320: Interface 'Hash' cannot simultaneously extend types 'Transform' and 'ReadWriteStream'.
  Named property 'prependOnceListener' of types 'Transform' and 'ReadWriteStream' are not identical.
node_modules/@types/node/index.d.ts(3301,22): error TS2320: Interface 'Hash' cannot simultaneously extend types 'Transform' and 'ReadWriteStream'.
  Named property 'read' of types 'Transform' and 'ReadWriteStream' are not identical.
node_modules/@types/node/index.d.ts(3301,22): error TS2320: Interface 'Hash' cannot simultaneously extend types 'Transform' and 'ReadWriteStream'.
  Named property 'removeAllListeners' of types 'Transform' and 'ReadWriteStream' are not identical.
node_modules/@types/node/index.d.ts(3301,22): error TS2320: Interface 'Hash' cannot simultaneously extend types 'Transform' and 'ReadWriteStream'.
  Named property 'removeListener' of types 'Transform' and 'ReadWriteStream' are not identical.
node_modules/@types/node/index.d.ts(3301,22): error TS2320: Interface 'Hash' cannot simultaneously extend types 'Transform' and 'ReadWriteStream'.
  Named property 'resume' of types 'Transform' and 'ReadWriteStream' are not identical.
node_modules/@types/node/index.d.ts(3301,22): error TS2320: Interface 'Hash' cannot simultaneously extend types 'Transform' and 'ReadWriteStream'.
  Named property 'setEncoding' of types 'Transform' and 'ReadWriteStream' are not identical.
node_modules/@types/node/index.d.ts(3301,22): error TS2320: Interface 'Hash' cannot simultaneously extend types 'Transform' and 'ReadWriteStream'.
  Named property 'setMaxListeners' of types 'Transform' and 'ReadWriteStream' are not identical.
node_modules/@types/node/index.d.ts(3301,22): error TS2320: Interface 'Hash' cannot simultaneously extend types 'Transform' and 'ReadWriteStream'.
  Named property 'unpipe' of types 'Transform' and 'ReadWriteStream' are not identical.
node_modules/@types/node/index.d.ts(3301,22): error TS2320: Interface 'Hash' cannot simultaneously extend types 'Transform' and 'ReadWriteStream'.
  Named property 'unshift' of types 'Transform' and 'ReadWriteStream' are not identical.
node_modules/@types/node/index.d.ts(3301,22): error TS2320: Interface 'Hash' cannot simultaneously extend types 'Transform' and 'ReadWriteStream'.
  Named property 'wrap' of types 'Transform' and 'ReadWriteStream' are not identical.
node_modules/@types/node/index.d.ts(3301,22): error TS2320: Interface 'Hash' cannot simultaneously extend types 'Transform' and 'ReadWriteStream'.
  Named property 'write' of types 'Transform' and 'ReadWriteStream' are not identical.
node_modules/@types/node/index.d.ts(3307,22): error TS2320: Interface 'Hmac' cannot simultaneously extend types 'Transform' and 'ReadWriteStream'.
  Named property 'addListener' of types 'Transform' and 'ReadWriteStream' are not identical.
node_modules/@types/node/index.d.ts(3307,22): error TS2320: Interface 'Hmac' cannot simultaneously extend types 'Transform' and 'ReadWriteStream'.
  Named property 'emit' of types 'Transform' and 'ReadWriteStream' are not identical.
node_modules/@types/node/index.d.ts(3307,22): error TS2320: Interface 'Hmac' cannot simultaneously extend types 'Transform' and 'ReadWriteStream'.
  Named property 'end' of types 'Transform' and 'ReadWriteStream' are not identical.
node_modules/@types/node/index.d.ts(3307,22): error TS2320: Interface 'Hmac' cannot simultaneously extend types 'Transform' and 'ReadWriteStream'.
  Named property 'eventNames' of types 'Transform' and 'ReadWriteStream' are not identical.
node_modules/@types/node/index.d.ts(3307,22): error TS2320: Interface 'Hmac' cannot simultaneously extend types 'Transform' and 'ReadWriteStream'.
  Named property 'getMaxListeners' of types 'Transform' and 'ReadWriteStream' are not identical.
node_modules/@types/node/index.d.ts(3307,22): error TS2320: Interface 'Hmac' cannot simultaneously extend types 'Transform' and 'ReadWriteStream'.
  Named property 'isPaused' of types 'Transform' and 'ReadWriteStream' are not identical.
node_modules/@types/node/index.d.ts(3307,22): error TS2320: Interface 'Hmac' cannot simultaneously extend types 'Transform' and 'ReadWriteStream'.
  Named property 'listenerCount' of types 'Transform' and 'ReadWriteStream' are not identical.
node_modules/@types/node/index.d.ts(3307,22): error TS2320: Interface 'Hmac' cannot simultaneously extend types 'Transform' and 'ReadWriteStream'.
  Named property 'listeners' of types 'Transform' and 'ReadWriteStream' are not identical.
node_modules/@types/node/index.d.ts(3307,22): error TS2320: Interface 'Hmac' cannot simultaneously extend types 'Transform' and 'ReadWriteStream'.
  Named property 'on' of types 'Transform' and 'ReadWriteStream' are not identical.
node_modules/@types/node/index.d.ts(3307,22): error TS2320: Interface 'Hmac' cannot simultaneously extend types 'Transform' and 'ReadWriteStream'.
  Named property 'once' of types 'Transform' and 'ReadWriteStream' are not identical.
node_modules/@types/node/index.d.ts(3307,22): error TS2320: Interface 'Hmac' cannot simultaneously extend types 'Transform' and 'ReadWriteStream'.
  Named property 'pause' of types 'Transform' and 'ReadWriteStream' are not identical.
node_modules/@types/node/index.d.ts(3307,22): error TS2320: Interface 'Hmac' cannot simultaneously extend types 'Transform' and 'ReadWriteStream'.
  Named property 'pipe' of types 'Transform' and 'ReadWriteStream' are not identical.
node_modules/@types/node/index.d.ts(3307,22): error TS2320: Interface 'Hmac' cannot simultaneously extend types 'Transform' and 'ReadWriteStream'.
  Named property 'prependListener' of types 'Transform' and 'ReadWriteStream' are not identical.
node_modules/@types/node/index.d.ts(3307,22): error TS2320: Interface 'Hmac' cannot simultaneously extend types 'Transform' and 'ReadWriteStream'.
  Named property 'prependOnceListener' of types 'Transform' and 'ReadWriteStream' are not identical.
node_modules/@types/node/index.d.ts(3307,22): error TS2320: Interface 'Hmac' cannot simultaneously extend types 'Transform' and 'ReadWriteStream'.
  Named property 'read' of types 'Transform' and 'ReadWriteStream' are not identical.
node_modules/@types/node/index.d.ts(3307,22): error TS2320: Interface 'Hmac' cannot simultaneously extend types 'Transform' and 'ReadWriteStream'.
  Named property 'removeAllListeners' of types 'Transform' and 'ReadWriteStream' are not identical.
node_modules/@types/node/index.d.ts(3307,22): error TS2320: Interface 'Hmac' cannot simultaneously extend types 'Transform' and 'ReadWriteStream'.
  Named property 'removeListener' of types 'Transform' and 'ReadWriteStream' are not identical.
node_modules/@types/node/index.d.ts(3307,22): error TS2320: Interface 'Hmac' cannot simultaneously extend types 'Transform' and 'ReadWriteStream'.
  Named property 'resume' of types 'Transform' and 'ReadWriteStream' are not identical.
node_modules/@types/node/index.d.ts(3307,22): error TS2320: Interface 'Hmac' cannot simultaneously extend types 'Transform' and 'ReadWriteStream'.
  Named property 'setEncoding' of types 'Transform' and 'ReadWriteStream' are not identical.
node_modules/@types/node/index.d.ts(3307,22): error TS2320: Interface 'Hmac' cannot simultaneously extend types 'Transform' and 'ReadWriteStream'.
  Named property 'setMaxListeners' of types 'Transform' and 'ReadWriteStream' are not identical.
node_modules/@types/node/index.d.ts(3307,22): error TS2320: Interface 'Hmac' cannot simultaneously extend types 'Transform' and 'ReadWriteStream'.
  Named property 'unpipe' of types 'Transform' and 'ReadWriteStream' are not identical.
node_modules/@types/node/index.d.ts(3307,22): error TS2320: Interface 'Hmac' cannot simultaneously extend types 'Transform' and 'ReadWriteStream'.
  Named property 'unshift' of types 'Transform' and 'ReadWriteStream' are not identical.
node_modules/@types/node/index.d.ts(3307,22): error TS2320: Interface 'Hmac' cannot simultaneously extend types 'Transform' and 'ReadWriteStream'.
  Named property 'wrap' of types 'Transform' and 'ReadWriteStream' are not identical.
node_modules/@types/node/index.d.ts(3307,22): error TS2320: Interface 'Hmac' cannot simultaneously extend types 'Transform' and 'ReadWriteStream'.
  Named property 'write' of types 'Transform' and 'ReadWriteStream' are not identical.
node_modules/@types/node/index.d.ts(3315,22): error TS2320: Interface 'Cipher' cannot simultaneously extend types 'Transform' and 'ReadWriteStream'.
  Named property 'addListener' of types 'Transform' and 'ReadWriteStream' are not identical.
node_modules/@types/node/index.d.ts(3315,22): error TS2320: Interface 'Cipher' cannot simultaneously extend types 'Transform' and 'ReadWriteStream'.
  Named property 'emit' of types 'Transform' and 'ReadWriteStream' are not identical.
node_modules/@types/node/index.d.ts(3315,22): error TS2320: Interface 'Cipher' cannot simultaneously extend types 'Transform' and 'ReadWriteStream'.
  Named property 'end' of types 'Transform' and 'ReadWriteStream' are not identical.
node_modules/@types/node/index.d.ts(3315,22): error TS2320: Interface 'Cipher' cannot simultaneously extend types 'Transform' and 'ReadWriteStream'.
  Named property 'eventNames' of types 'Transform' and 'ReadWriteStream' are not identical.
node_modules/@types/node/index.d.ts(3315,22): error TS2320: Interface 'Cipher' cannot simultaneously extend types 'Transform' and 'ReadWriteStream'.
  Named property 'getMaxListeners' of types 'Transform' and 'ReadWriteStream' are not identical.
node_modules/@types/node/index.d.ts(3315,22): error TS2320: Interface 'Cipher' cannot simultaneously extend types 'Transform' and 'ReadWriteStream'.
  Named property 'isPaused' of types 'Transform' and 'ReadWriteStream' are not identical.
node_modules/@types/node/index.d.ts(3315,22): error TS2320: Interface 'Cipher' cannot simultaneously extend types 'Transform' and 'ReadWriteStream'.
  Named property 'listenerCount' of types 'Transform' and 'ReadWriteStream' are not identical.
node_modules/@types/node/index.d.ts(3315,22): error TS2320: Interface 'Cipher' cannot simultaneously extend types 'Transform' and 'ReadWriteStream'.
  Named property 'listeners' of types 'Transform' and 'ReadWriteStream' are not identical.
node_modules/@types/node/index.d.ts(3315,22): error TS2320: Interface 'Cipher' cannot simultaneously extend types 'Transform' and 'ReadWriteStream'.
  Named property 'on' of types 'Transform' and 'ReadWriteStream' are not identical.
node_modules/@types/node/index.d.ts(3315,22): error TS2320: Interface 'Cipher' cannot simultaneously extend types 'Transform' and 'ReadWriteStream'.
  Named property 'once' of types 'Transform' and 'ReadWriteStream' are not identical.
node_modules/@types/node/index.d.ts(3315,22): error TS2320: Interface 'Cipher' cannot simultaneously extend types 'Transform' and 'ReadWriteStream'.
  Named property 'pause' of types 'Transform' and 'ReadWriteStream' are not identical.
node_modules/@types/node/index.d.ts(3315,22): error TS2320: Interface 'Cipher' cannot simultaneously extend types 'Transform' and 'ReadWriteStream'.
  Named property 'pipe' of types 'Transform' and 'ReadWriteStream' are not identical.
node_modules/@types/node/index.d.ts(3315,22): error TS2320: Interface 'Cipher' cannot simultaneously extend types 'Transform' and 'ReadWriteStream'.
  Named property 'prependListener' of types 'Transform' and 'ReadWriteStream' are not identical.
node_modules/@types/node/index.d.ts(3315,22): error TS2320: Interface 'Cipher' cannot simultaneously extend types 'Transform' and 'ReadWriteStream'.
  Named property 'prependOnceListener' of types 'Transform' and 'ReadWriteStream' are not identical.
node_modules/@types/node/index.d.ts(3315,22): error TS2320: Interface 'Cipher' cannot simultaneously extend types 'Transform' and 'ReadWriteStream'.
  Named property 'read' of types 'Transform' and 'ReadWriteStream' are not identical.
node_modules/@types/node/index.d.ts(3315,22): error TS2320: Interface 'Cipher' cannot simultaneously extend types 'Transform' and 'ReadWriteStream'.
  Named property 'removeAllListeners' of types 'Transform' and 'ReadWriteStream' are not identical.
node_modules/@types/node/index.d.ts(3315,22): error TS2320: Interface 'Cipher' cannot simultaneously extend types 'Transform' and 'ReadWriteStream'.
  Named property 'removeListener' of types 'Transform' and 'ReadWriteStream' are not identical.
node_modules/@types/node/index.d.ts(3315,22): error TS2320: Interface 'Cipher' cannot simultaneously extend types 'Transform' and 'ReadWriteStream'.
  Named property 'resume' of types 'Transform' and 'ReadWriteStream' are not identical.
node_modules/@types/node/index.d.ts(3315,22): error TS2320: Interface 'Cipher' cannot simultaneously extend types 'Transform' and 'ReadWriteStream'.
  Named property 'setEncoding' of types 'Transform' and 'ReadWriteStream' are not identical.
node_modules/@types/node/index.d.ts(3315,22): error TS2320: Interface 'Cipher' cannot simultaneously extend types 'Transform' and 'ReadWriteStream'.
  Named property 'setMaxListeners' of types 'Transform' and 'ReadWriteStream' are not identical.
node_modules/@types/node/index.d.ts(3315,22): error TS2320: Interface 'Cipher' cannot simultaneously extend types 'Transform' and 'ReadWriteStream'.
  Named property 'unpipe' of types 'Transform' and 'ReadWriteStream' are not identical.
node_modules/@types/node/index.d.ts(3315,22): error TS2320: Interface 'Cipher' cannot simultaneously extend types 'Transform' and 'ReadWriteStream'.
  Named property 'unshift' of types 'Transform' and 'ReadWriteStream' are not identical.
node_modules/@types/node/index.d.ts(3315,22): error TS2320: Interface 'Cipher' cannot simultaneously extend types 'Transform' and 'ReadWriteStream'.
  Named property 'wrap' of types 'Transform' and 'ReadWriteStream' are not identical.
node_modules/@types/node/index.d.ts(3315,22): error TS2320: Interface 'Cipher' cannot simultaneously extend types 'Transform' and 'ReadWriteStream'.
  Named property 'write' of types 'Transform' and 'ReadWriteStream' are not identical.
node_modules/@types/node/index.d.ts(3328,22): error TS2320: Interface 'Decipher' cannot simultaneously extend types 'Transform' and 'ReadWriteStream'.
  Named property 'addListener' of types 'Transform' and 'ReadWriteStream' are not identical.
node_modules/@types/node/index.d.ts(3328,22): error TS2320: Interface 'Decipher' cannot simultaneously extend types 'Transform' and 'ReadWriteStream'.
  Named property 'emit' of types 'Transform' and 'ReadWriteStream' are not identical.
node_modules/@types/node/index.d.ts(3328,22): error TS2320: Interface 'Decipher' cannot simultaneously extend types 'Transform' and 'ReadWriteStream'.
  Named property 'end' of types 'Transform' and 'ReadWriteStream' are not identical.
node_modules/@types/node/index.d.ts(3328,22): error TS2320: Interface 'Decipher' cannot simultaneously extend types 'Transform' and 'ReadWriteStream'.
  Named property 'eventNames' of types 'Transform' and 'ReadWriteStream' are not identical.
node_modules/@types/node/index.d.ts(3328,22): error TS2320: Interface 'Decipher' cannot simultaneously extend types 'Transform' and 'ReadWriteStream'.
  Named property 'getMaxListeners' of types 'Transform' and 'ReadWriteStream' are not identical.
node_modules/@types/node/index.d.ts(3328,22): error TS2320: Interface 'Decipher' cannot simultaneously extend types 'Transform' and 'ReadWriteStream'.
  Named property 'isPaused' of types 'Transform' and 'ReadWriteStream' are not identical.
node_modules/@types/node/index.d.ts(3328,22): error TS2320: Interface 'Decipher' cannot simultaneously extend types 'Transform' and 'ReadWriteStream'.
  Named property 'listenerCount' of types 'Transform' and 'ReadWriteStream' are not identical.
node_modules/@types/node/index.d.ts(3328,22): error TS2320: Interface 'Decipher' cannot simultaneously extend types 'Transform' and 'ReadWriteStream'.
  Named property 'listeners' of types 'Transform' and 'ReadWriteStream' are not identical.
node_modules/@types/node/index.d.ts(3328,22): error TS2320: Interface 'Decipher' cannot simultaneously extend types 'Transform' and 'ReadWriteStream'.
  Named property 'on' of types 'Transform' and 'ReadWriteStream' are not identical.
node_modules/@types/node/index.d.ts(3328,22): error TS2320: Interface 'Decipher' cannot simultaneously extend types 'Transform' and 'ReadWriteStream'.
  Named property 'once' of types 'Transform' and 'ReadWriteStream' are not identical.
node_modules/@types/node/index.d.ts(3328,22): error TS2320: Interface 'Decipher' cannot simultaneously extend types 'Transform' and 'ReadWriteStream'.
  Named property 'pause' of types 'Transform' and 'ReadWriteStream' are not identical.
node_modules/@types/node/index.d.ts(3328,22): error TS2320: Interface 'Decipher' cannot simultaneously extend types 'Transform' and 'ReadWriteStream'.
  Named property 'pipe' of types 'Transform' and 'ReadWriteStream' are not identical.
node_modules/@types/node/index.d.ts(3328,22): error TS2320: Interface 'Decipher' cannot simultaneously extend types 'Transform' and 'ReadWriteStream'.
  Named property 'prependListener' of types 'Transform' and 'ReadWriteStream' are not identical.
node_modules/@types/node/index.d.ts(3328,22): error TS2320: Interface 'Decipher' cannot simultaneously extend types 'Transform' and 'ReadWriteStream'.
  Named property 'prependOnceListener' of types 'Transform' and 'ReadWriteStream' are not identical.
node_modules/@types/node/index.d.ts(3328,22): error TS2320: Interface 'Decipher' cannot simultaneously extend types 'Transform' and 'ReadWriteStream'.
  Named property 'read' of types 'Transform' and 'ReadWriteStream' are not identical.
node_modules/@types/node/index.d.ts(3328,22): error TS2320: Interface 'Decipher' cannot simultaneously extend types 'Transform' and 'ReadWriteStream'.
  Named property 'removeAllListeners' of types 'Transform' and 'ReadWriteStream' are not identical.
node_modules/@types/node/index.d.ts(3328,22): error TS2320: Interface 'Decipher' cannot simultaneously extend types 'Transform' and 'ReadWriteStream'.
  Named property 'removeListener' of types 'Transform' and 'ReadWriteStream' are not identical.
node_modules/@types/node/index.d.ts(3328,22): error TS2320: Interface 'Decipher' cannot simultaneously extend types 'Transform' and 'ReadWriteStream'.
  Named property 'resume' of types 'Transform' and 'ReadWriteStream' are not identical.
node_modules/@types/node/index.d.ts(3328,22): error TS2320: Interface 'Decipher' cannot simultaneously extend types 'Transform' and 'ReadWriteStream'.
  Named property 'setEncoding' of types 'Transform' and 'ReadWriteStream' are not identical.
node_modules/@types/node/index.d.ts(3328,22): error TS2320: Interface 'Decipher' cannot simultaneously extend types 'Transform' and 'ReadWriteStream'.
  Named property 'setMaxListeners' of types 'Transform' and 'ReadWriteStream' are not identical.
node_modules/@types/node/index.d.ts(3328,22): error TS2320: Interface 'Decipher' cannot simultaneously extend types 'Transform' and 'ReadWriteStream'.
  Named property 'unpipe' of types 'Transform' and 'ReadWriteStream' are not identical.
node_modules/@types/node/index.d.ts(3328,22): error TS2320: Interface 'Decipher' cannot simultaneously extend types 'Transform' and 'ReadWriteStream'.
  Named property 'unshift' of types 'Transform' and 'ReadWriteStream' are not identical.
node_modules/@types/node/index.d.ts(3328,22): error TS2320: Interface 'Decipher' cannot simultaneously extend types 'Transform' and 'ReadWriteStream'.
  Named property 'wrap' of types 'Transform' and 'ReadWriteStream' are not identical.
node_modules/@types/node/index.d.ts(3328,22): error TS2320: Interface 'Decipher' cannot simultaneously extend types 'Transform' and 'ReadWriteStream'.
  Named property 'write' of types 'Transform' and 'ReadWriteStream' are not identical.
node_modules/@types/node/index.d.ts(3340,22): error TS2320: Interface 'Signer' cannot simultaneously extend types 'Writable' and 'WritableStream'.
  Named property 'addListener' of types 'Writable' and 'WritableStream' are not identical.
node_modules/@types/node/index.d.ts(3340,22): error TS2320: Interface 'Signer' cannot simultaneously extend types 'Writable' and 'WritableStream'.
  Named property 'emit' of types 'Writable' and 'WritableStream' are not identical.
node_modules/@types/node/index.d.ts(3340,22): error TS2320: Interface 'Signer' cannot simultaneously extend types 'Writable' and 'WritableStream'.
  Named property 'end' of types 'Writable' and 'WritableStream' are not identical.
node_modules/@types/node/index.d.ts(3340,22): error TS2320: Interface 'Signer' cannot simultaneously extend types 'Writable' and 'WritableStream'.
  Named property 'eventNames' of types 'Writable' and 'WritableStream' are not identical.
node_modules/@types/node/index.d.ts(3340,22): error TS2320: Interface 'Signer' cannot simultaneously extend types 'Writable' and 'WritableStream'.
  Named property 'getMaxListeners' of types 'Writable' and 'WritableStream' are not identical.
node_modules/@types/node/index.d.ts(3340,22): error TS2320: Interface 'Signer' cannot simultaneously extend types 'Writable' and 'WritableStream'.
  Named property 'listenerCount' of types 'Writable' and 'WritableStream' are not identical.
node_modules/@types/node/index.d.ts(3340,22): error TS2320: Interface 'Signer' cannot simultaneously extend types 'Writable' and 'WritableStream'.
  Named property 'listeners' of types 'Writable' and 'WritableStream' are not identical.
node_modules/@types/node/index.d.ts(3340,22): error TS2320: Interface 'Signer' cannot simultaneously extend types 'Writable' and 'WritableStream'.
  Named property 'on' of types 'Writable' and 'WritableStream' are not identical.
node_modules/@types/node/index.d.ts(3340,22): error TS2320: Interface 'Signer' cannot simultaneously extend types 'Writable' and 'WritableStream'.
  Named property 'once' of types 'Writable' and 'WritableStream' are not identical.
node_modules/@types/node/index.d.ts(3340,22): error TS2320: Interface 'Signer' cannot simultaneously extend types 'Writable' and 'WritableStream'.
  Named property 'prependListener' of types 'Writable' and 'WritableStream' are not identical.
node_modules/@types/node/index.d.ts(3340,22): error TS2320: Interface 'Signer' cannot simultaneously extend types 'Writable' and 'WritableStream'.
  Named property 'prependOnceListener' of types 'Writable' and 'WritableStream' are not identical.
node_modules/@types/node/index.d.ts(3340,22): error TS2320: Interface 'Signer' cannot simultaneously extend types 'Writable' and 'WritableStream'.
  Named property 'removeAllListeners' of types 'Writable' and 'WritableStream' are not identical.
node_modules/@types/node/index.d.ts(3340,22): error TS2320: Interface 'Signer' cannot simultaneously extend types 'Writable' and 'WritableStream'.
  Named property 'removeListener' of types 'Writable' and 'WritableStream' are not identical.
node_modules/@types/node/index.d.ts(3340,22): error TS2320: Interface 'Signer' cannot simultaneously extend types 'Writable' and 'WritableStream'.
  Named property 'setMaxListeners' of types 'Writable' and 'WritableStream' are not identical.
node_modules/@types/node/index.d.ts(3340,22): error TS2320: Interface 'Signer' cannot simultaneously extend types 'Writable' and 'WritableStream'.
  Named property 'write' of types 'Writable' and 'WritableStream' are not identical.
node_modules/@types/node/index.d.ts(3347,22): error TS2320: Interface 'Verify' cannot simultaneously extend types 'Writable' and 'WritableStream'.
  Named property 'addListener' of types 'Writable' and 'WritableStream' are not identical.
node_modules/@types/node/index.d.ts(3347,22): error TS2320: Interface 'Verify' cannot simultaneously extend types 'Writable' and 'WritableStream'.
  Named property 'emit' of types 'Writable' and 'WritableStream' are not identical.
node_modules/@types/node/index.d.ts(3347,22): error TS2320: Interface 'Verify' cannot simultaneously extend types 'Writable' and 'WritableStream'.
  Named property 'end' of types 'Writable' and 'WritableStream' are not identical.
node_modules/@types/node/index.d.ts(3347,22): error TS2320: Interface 'Verify' cannot simultaneously extend types 'Writable' and 'WritableStream'.
  Named property 'eventNames' of types 'Writable' and 'WritableStream' are not identical.
node_modules/@types/node/index.d.ts(3347,22): error TS2320: Interface 'Verify' cannot simultaneously extend types 'Writable' and 'WritableStream'.
  Named property 'getMaxListeners' of types 'Writable' and 'WritableStream' are not identical.
node_modules/@types/node/index.d.ts(3347,22): error TS2320: Interface 'Verify' cannot simultaneously extend types 'Writable' and 'WritableStream'.
  Named property 'listenerCount' of types 'Writable' and 'WritableStream' are not identical.
node_modules/@types/node/index.d.ts(3347,22): error TS2320: Interface 'Verify' cannot simultaneously extend types 'Writable' and 'WritableStream'.
  Named property 'listeners' of types 'Writable' and 'WritableStream' are not identical.
node_modules/@types/node/index.d.ts(3347,22): error TS2320: Interface 'Verify' cannot simultaneously extend types 'Writable' and 'WritableStream'.
  Named property 'on' of types 'Writable' and 'WritableStream' are not identical.
node_modules/@types/node/index.d.ts(3347,22): error TS2320: Interface 'Verify' cannot simultaneously extend types 'Writable' and 'WritableStream'.
  Named property 'once' of types 'Writable' and 'WritableStream' are not identical.
node_modules/@types/node/index.d.ts(3347,22): error TS2320: Interface 'Verify' cannot simultaneously extend types 'Writable' and 'WritableStream'.
  Named property 'prependListener' of types 'Writable' and 'WritableStream' are not identical.
node_modules/@types/node/index.d.ts(3347,22): error TS2320: Interface 'Verify' cannot simultaneously extend types 'Writable' and 'WritableStream'.
  Named property 'prependOnceListener' of types 'Writable' and 'WritableStream' are not identical.
node_modules/@types/node/index.d.ts(3347,22): error TS2320: Interface 'Verify' cannot simultaneously extend types 'Writable' and 'WritableStream'.
  Named property 'removeAllListeners' of types 'Writable' and 'WritableStream' are not identical.
node_modules/@types/node/index.d.ts(3347,22): error TS2320: Interface 'Verify' cannot simultaneously extend types 'Writable' and 'WritableStream'.
  Named property 'removeListener' of types 'Writable' and 'WritableStream' are not identical.
node_modules/@types/node/index.d.ts(3347,22): error TS2320: Interface 'Verify' cannot simultaneously extend types 'Writable' and 'WritableStream'.
  Named property 'setMaxListeners' of types 'Writable' and 'WritableStream' are not identical.
node_modules/@types/node/index.d.ts(3347,22): error TS2320: Interface 'Verify' cannot simultaneously extend types 'Writable' and 'WritableStream'.
  Named property 'write' of types 'Writable' and 'WritableStream' are not identical.
node_modules/@types/node/index.d.ts(3438,22): error TS2420: Class 'Readable' incorrectly implements interface 'ReadableStream'.
  Types of property 'eventNames' are incompatible.
    Type '() => (string | symbol)[]' is not assignable to type '{ (): string[]; (): (string | symbol)[]; }'.
      Type '(string | symbol)[]' is not assignable to type 'string[]'.
        Type 'string | symbol' is not assignable to type 'string'.
          Type 'symbol' is not assignable to type 'string'.
node_modules/@types/node/index.d.ts(3521,22): error TS2420: Class 'Writable' incorrectly implements interface 'WritableStream'.
  Property 'setDefaultEncoding' is missing in type 'Writable'.
node_modules/@types/node/index.d.ts(3605,22): error TS2420: Class 'Duplex' incorrectly implements interface 'ReadWriteStream'.
  Types of property 'eventNames' are incompatible.
    Type '() => (string | symbol)[]' is not assignable to type '{ (): string[]; (): (string | symbol)[]; }'.
      Type '(string | symbol)[]' is not assignable to type 'string[]'.
        Type 'string | symbol' is not assignable to type 'string'.
          Type 'symbol' is not assignable to type 'string'.
node_modules/@types/node/index.d.ts(3626,22): error TS2420: Class 'Transform' incorrectly implements interface 'ReadWriteStream'.
  Types of property 'eventNames' are incompatible.
    Type '() => (string | symbol)[]' is not assignable to type '{ (): string[]; (): (string | symbol)[]; }'.
      Type '(string | symbol)[]' is not assignable to type 'string[]'.
        Type 'string | symbol' is not assignable to type 'string'.
          Type 'symbol' is not assignable to type 'string'.
node_modules/@types/node/index.d.ts(3652,5): error TS2309: An export assignment cannot be used in a module with other exported elements.
node_modules/@types/node/index.d.ts(3658,9): error TS2403: Subsequent variable declarations must have the same type.  Variable 'depth' must be of type 'number | null | undefined', but here has type 'number | undefined'.
node_modules/@types/node/index.d.ts(3735,5): error TS2300: Duplicate identifier 'export='.
node_modules/@types/node/index.d.ts(3757,18): error TS2300: Duplicate identifier 'Domain'.
node_modules/@types/node/index.d.ts(3757,18): error TS2420: Class 'Domain' incorrectly implements interface 'NodeJS.Domain'.
  Types of property 'eventNames' are incompatible.
    Type '() => (string | symbol)[]' is not assignable to type '{ (): string[]; (): (string | symbol)[]; }'.
      Type '(string | symbol)[]' is not assignable to type 'string[]'.
        Type 'string | symbol' is not assignable to type 'string'.
          Type 'symbol' is not assignable to type 'string'.
node_modules/@types/node/index.d.ts(4049,5): error TS2300: Duplicate identifier 'export='.
src/Main.ts(25,5): error TS6133: 'someVar' is declared but never used.
tests/Main.ts(1,18): error TS2307: Cannot find module 'ava'.
tests/Main.ts(5,25): error TS7006: Parameter 't' implicitly has an 'any' type.
tests/Main.ts(9,25): error TS7006: Parameter 't' implicitly has an 'any' type.
typings/globals/es2015/index.d.ts(5,5): error TS2403: Subsequent variable declarations must have the same type.  Variable 'value' must be of type 'T', but here has type 'T | undefined'.
typings/globals/es2015/index.d.ts(5,5): error TS2687: All declarations of 'value' must have identical modifiers.
typings/globals/es2015/index.d.ts(14,14): error TS2300: Duplicate identifier 'Iterable'.
typings/globals/es2015/index.d.ts(112,15): error TS2300: Duplicate identifier 'Map'.
typings/globals/es2015/index.d.ts(200,15): error TS2300: Duplicate identifier 'Set'.
typings/globals/es2015/index.d.ts(274,15): error TS2300: Duplicate identifier 'WeakMap'.
typings/globals/es2015/index.d.ts(332,15): error TS2300: Duplicate identifier 'WeakSet'.
typings/globals/es2015/index.d.ts(456,5): error TS2687: All declarations of 'EPSILON' must have identical modifiers.
typings/globals/es2015/index.d.ts(459,5): error TS2687: All declarations of 'MAX_SAFE_INTEGER' must have identical modifiers.
typings/globals/es2015/index.d.ts(462,5): error TS2687: All declarations of 'MIN_SAFE_INTEGER' must have identical modifiers.
typings/globals/es2015/index.d.ts(581,15): error TS2300: Duplicate identifier 'Promise'.
typings/globals/es2015/index.d.ts(811,5): error TS2687: All declarations of 'flags' must have identical modifiers.
typings/globals/es2015/index.d.ts(852,13): error TS2403: Subsequent variable declarations must have the same type.  Variable 'Symbol' must be of type 'SymbolConstructor', but here has type 'Symbol'.
typings/globals/node/index.d.ts(165,15): error TS2300: Duplicate identifier 'Buffer'.
typings/globals/node/index.d.ts(599,7): error TS2502: 'BuffType' is referenced directly or indirectly in its own type annotation.
typings/globals/node/index.d.ts(600,7): error TS2502: 'SlowBuffType' is referenced directly or indirectly in its own type annotation.
typings/globals/node/index.d.ts(602,24): error TS2300: Duplicate identifier 'Buffer'.
typings/globals/node/index.d.ts(602,48): error TS2300: Duplicate identifier 'SlowBuffer'.
typings/globals/node/index.d.ts(701,16): error TS2415: Class 'ServerResponse' incorrectly extends base class 'OutgoingMessage'.
  Types of property 'setTimeout' are incompatible.
    Type '(msecs: number, callback: Function) => ServerResponse' is not assignable to type '(msecs: number, callback?: (() => void) | undefined) => this'.
      Types of parameters 'callback' and 'callback' are incompatible.
        Type '(() => void) | undefined' is not assignable to type 'Function'.
          Type 'undefined' is not assignable to type 'Function'.
typings/globals/node/index.d.ts(713,16): error TS2415: Class 'ClientRequest' incorrectly extends base class 'OutgoingMessage'.
  Types of property 'setTimeout' are incompatible.
    Type '(timeout: number, callback?: Function | undefined) => void' is not assignable to type '(msecs: number, callback?: (() => void) | undefined) => this'.
      Type 'void' is not assignable to type 'this'.
typings/globals/node/index.d.ts(769,16): error TS2300: Duplicate identifier 'Agent'.
typings/globals/node/index.d.ts(815,16): error TS2300: Duplicate identifier 'Worker'.
typings/globals/node/index.d.ts(1045,16): error TS2300: Duplicate identifier 'Agent'.
typings/globals/node/index.d.ts(1134,20): error TS2300: Duplicate identifier 'Completer'.
typings/globals/node/index.d.ts(1139,20): error TS2300: Duplicate identifier 'CompleterResult'.
typings/globals/node/index.d.ts(1186,16): error TS2300: Duplicate identifier 'Script'.
typings/globals/node/index.d.ts(1212,12): error TS2694: Namespace 'internal' has no exported member 'Listener'.
typings/globals/node/index.d.ts(1213,12): error TS2694: Namespace 'internal' has no exported member 'Listener'.
typings/globals/node/index.d.ts(1214,12): error TS2694: Namespace 'internal' has no exported member 'Listener'.
typings/globals/node/index.d.ts(1215,12): error TS2694: Namespace 'internal' has no exported member 'Listener'.
typings/globals/node/index.d.ts(1216,12): error TS2694: Namespace 'internal' has no exported member 'Listener'.
typings/globals/node/index.d.ts(1389,16): error TS2451: Cannot redeclare block-scoped variable 'NODATA'.
typings/globals/node/index.d.ts(1390,16): error TS2451: Cannot redeclare block-scoped variable 'FORMERR'.
typings/globals/node/index.d.ts(1391,16): error TS2451: Cannot redeclare block-scoped variable 'SERVFAIL'.
typings/globals/node/index.d.ts(1392,16): error TS2451: Cannot redeclare block-scoped variable 'NOTFOUND'.
typings/globals/node/index.d.ts(1393,16): error TS2451: Cannot redeclare block-scoped variable 'NOTIMP'.
typings/globals/node/index.d.ts(1394,16): error TS2451: Cannot redeclare block-scoped variable 'REFUSED'.
typings/globals/node/index.d.ts(1395,16): error TS2451: Cannot redeclare block-scoped variable 'BADQUERY'.
typings/globals/node/index.d.ts(1396,16): error TS2451: Cannot redeclare block-scoped variable 'BADNAME'.
typings/globals/node/index.d.ts(1397,16): error TS2451: Cannot redeclare block-scoped variable 'BADFAMILY'.
typings/globals/node/index.d.ts(1398,16): error TS2451: Cannot redeclare block-scoped variable 'BADRESP'.
typings/globals/node/index.d.ts(1399,16): error TS2451: Cannot redeclare block-scoped variable 'CONNREFUSED'.
typings/globals/node/index.d.ts(1400,16): error TS2451: Cannot redeclare block-scoped variable 'TIMEOUT'.
typings/globals/node/index.d.ts(1401,16): error TS2451: Cannot redeclare block-scoped variable 'EOF'.
typings/globals/node/index.d.ts(1402,16): error TS2451: Cannot redeclare block-scoped variable 'FILE'.
typings/globals/node/index.d.ts(1403,16): error TS2451: Cannot redeclare block-scoped variable 'NOMEM'.
typings/globals/node/index.d.ts(1404,16): error TS2451: Cannot redeclare block-scoped variable 'DESTRUCTION'.
typings/globals/node/index.d.ts(1405,16): error TS2451: Cannot redeclare block-scoped variable 'BADSTR'.
typings/globals/node/index.d.ts(1406,16): error TS2451: Cannot redeclare block-scoped variable 'BADFLAGS'.
typings/globals/node/index.d.ts(1407,16): error TS2451: Cannot redeclare block-scoped variable 'NONAME'.
typings/globals/node/index.d.ts(1408,16): error TS2451: Cannot redeclare block-scoped variable 'BADHINTS'.
typings/globals/node/index.d.ts(1409,16): error TS2451: Cannot redeclare block-scoped variable 'NOTINITIALIZED'.
typings/globals/node/index.d.ts(1410,16): error TS2451: Cannot redeclare block-scoped variable 'LOADIPHLPAPI'.
typings/globals/node/index.d.ts(1411,16): error TS2451: Cannot redeclare block-scoped variable 'ADDRGETNETWORKPARAMS'.
typings/globals/node/index.d.ts(1412,16): error TS2451: Cannot redeclare block-scoped variable 'CANCELLED'.
typings/globals/node/index.d.ts(1418,16): error TS2300: Duplicate identifier 'Socket'.
typings/globals/node/index.d.ts(1577,12): error TS2694: Namespace 'internal' has no exported member 'Listener'.
typings/globals/node/index.d.ts(1582,12): error TS2694: Namespace 'internal' has no exported member 'Listener'.
typings/globals/node/index.d.ts(1583,12): error TS2694: Namespace 'internal' has no exported member 'Listener'.
typings/globals/node/index.d.ts(1591,12): error TS2694: Namespace 'internal' has no exported member 'Listener'.
typings/globals/node/index.d.ts(1592,12): error TS2694: Namespace 'internal' has no exported member 'Listener'.
typings/globals/node/index.d.ts(1603,16): error TS2451: Cannot redeclare block-scoped variable 'constants'.
typings/globals/node/index.d.ts(2358,16): error TS2300: Duplicate identifier 'StringDecoder'.
typings/globals/node/index.d.ts(2391,16): error TS2415: Class 'Server' incorrectly extends base class 'Server'.
  Types of property 'close' are incompatible.
    Type '(callback?: Function | undefined) => Server' is not assignable to type '{ (callback?: (() => void) | undefined): this; (callback?: Function | undefined): Server; }'.
      Type 'Server' is not assignable to type 'this'.
typings/globals/node/index.d.ts(2520,16): error TS2300: Duplicate identifier 'TLSSocket'.
typings/globals/node/index.d.ts(2842,16): error TS2300: Duplicate identifier 'Certificate'.
typings/globals/node/index.d.ts(2979,16): error TS2420: Class 'Readable' incorrectly implements interface 'ReadableStream'.
  Types of property 'unpipe' are incompatible.
    Type '<T extends WritableStream>(destination?: T | undefined) => void' is not assignable to type '{ <T extends WritableStream>(destination?: T | undefined): void; <T extends WritableStream>(desti...'.
      Type 'void' is not assignable to type 'this'.
typings/globals/node/index.d.ts(3003,16): error TS2420: Class 'Writable' incorrectly implements interface 'WritableStream'.
  Types of property 'eventNames' are incompatible.
    Type '() => (string | symbol)[]' is not assignable to type '{ (): string[]; (): (string | symbol)[]; }'.
      Type '(string | symbol)[]' is not assignable to type 'string[]'.
        Type 'string | symbol' is not assignable to type 'string'.
          Type 'symbol' is not assignable to type 'string'.
typings/globals/node/index.d.ts(3331,3): error TS2300: Duplicate identifier 'export='.
typings/globals/node/index.d.ts(3353,16): error TS2300: Duplicate identifier 'Domain'.
typings/globals/node/index.d.ts(3353,16): error TS2420: Class 'Domain' incorrectly implements interface 'NodeJS.Domain'.
  Types of property 'eventNames' are incompatible.
    Type '() => (string | symbol)[]' is not assignable to type '{ (): string[]; (): (string | symbol)[]; }'.
      Type '(string | symbol)[]' is not assignable to type 'string[]'.
        Type 'string | symbol' is not assignable to type 'string'.
          Type 'symbol' is not assignable to type 'string'.
typings/globals/node/index.d.ts(3620,3): error TS2300: Duplicate identifier 'export='.
../../../usr/lib/node_modules/typescript/lib/lib.es6.d.ts(1371,11): error TS2300: Duplicate identifier 'Promise'.
../../../usr/lib/node_modules/typescript/lib/lib.es6.d.ts(4770,11): error TS2300: Duplicate identifier 'Map'.
../../../usr/lib/node_modules/typescript/lib/lib.es6.d.ts(4785,13): error TS2300: Duplicate identifier 'Map'.
../../../usr/lib/node_modules/typescript/lib/lib.es6.d.ts(4794,11): error TS2300: Duplicate identifier 'WeakMap'.
../../../usr/lib/node_modules/typescript/lib/lib.es6.d.ts(4806,13): error TS2300: Duplicate identifier 'WeakMap'.
../../../usr/lib/node_modules/typescript/lib/lib.es6.d.ts(4808,11): error TS2300: Duplicate identifier 'Set'.
../../../usr/lib/node_modules/typescript/lib/lib.es6.d.ts(4822,13): error TS2300: Duplicate identifier 'Set'.
../../../usr/lib/node_modules/typescript/lib/lib.es6.d.ts(4830,11): error TS2300: Duplicate identifier 'WeakSet'.
../../../usr/lib/node_modules/typescript/lib/lib.es6.d.ts(4841,13): error TS2300: Duplicate identifier 'WeakSet'.
../../../usr/lib/node_modules/typescript/lib/lib.es6.d.ts(4879,11): error TS2300: Duplicate identifier 'Iterable'.
../../../usr/lib/node_modules/typescript/lib/lib.es6.d.ts(4948,11): error TS2300: Duplicate identifier 'Map'.
../../../usr/lib/node_modules/typescript/lib/lib.es6.d.ts(4959,11): error TS2300: Duplicate identifier 'WeakMap'.
../../../usr/lib/node_modules/typescript/lib/lib.es6.d.ts(4965,11): error TS2300: Duplicate identifier 'Set'.
../../../usr/lib/node_modules/typescript/lib/lib.es6.d.ts(4976,11): error TS2300: Duplicate identifier 'WeakSet'.
../../../usr/lib/node_modules/typescript/lib/lib.es6.d.ts(4982,11): error TS2300: Duplicate identifier 'Promise'.
../../../usr/lib/node_modules/typescript/lib/lib.es6.d.ts(5508,13): error TS2300: Duplicate identifier 'Promise'.
../../../usr/lib/node_modules/typescript/lib/lib.es6.d.ts(5695,11): error TS2300: Duplicate identifier 'Map'.
../../../usr/lib/node_modules/typescript/lib/lib.es6.d.ts(5699,11): error TS2300: Duplicate identifier 'WeakMap'.
../../../usr/lib/node_modules/typescript/lib/lib.es6.d.ts(5703,11): error TS2300: Duplicate identifier 'Set'.
../../../usr/lib/node_modules/typescript/lib/lib.es6.d.ts(5707,11): error TS2300: Duplicate identifier 'WeakSet'.
../../../usr/lib/node_modules/typescript/lib/lib.es6.d.ts(5734,11): error TS2300: Duplicate identifier 'Promise'.
00:19:11 GMT+0200 (CEST) - Compilation complete. Watching for file changes.


ntical.
node_modules/@types/node/index.d.ts(3340,22): error TS2320: Interface 'Signer' cannot simultaneously extend types 'Writable' and 'WritableStream'.
  Named property 'eventNames' of types 'Writable' and 'WritableStream' are not identical.
node_modules/@types/node/index.d.ts(3340,22): error TS2320: Interface 'Signer' cannot simultaneously extend types 'Writable' and 'WritableStream'.
  Named property 'getMaxListeners' of types 'Writable' and 'WritableStream' are not identical.
node_modules/@types/node/index.d.ts(3340,22): error TS2320: Interface 'Signer' cannot simultaneously extend types 'Writable' and 'WritableStream'.
  Named property 'listenerCount' of types 'Writable' and 'WritableStream' are not identical.
node_modules/@types/node/index.d.ts(3340,22): error TS2320: Interface 'Signer' cannot simultaneously extend types 'Writable' and 'WritableStream'.
  Named property 'listeners' of types 'Writable' and 'WritableStream' are not identical.
node_modules/@types/node/index.d.ts(3340,22): error TS2320: Interface 'Signer' cannot simultaneously extend types 'Writable' and 'WritableStream'.
  Named property 'on' of types 'Writable' and 'WritableStream' are not identical.
node_modules/@types/node/index.d.ts(3340,22): error TS2320: Interface 'Signer' cannot simultaneously extend types 'Writable' and 'WritableStream'.
  Named property 'once' of types 'Writable' and 'WritableStream' are not identical.
node_modules/@types/node/index.d.ts(3340,22): error TS2320: Interface 'Signer' cannot simultaneously extend types 'Writable' and 'WritableStream'.
  Named property 'prependListener' of types 'Writable' and 'WritableStream' are not identical.
node_modules/@types/node/index.d.ts(3340,22): error TS2320: Interface 'Signer' cannot simultaneously extend types 'Writable' and 'WritableStream'.
  Named property 'prependOnceListener' of types 'Writable' and 'WritableStream' are not identical.
node_modules/@types/node/index.d.ts(3340,22): error TS2320: Interface 'Signer' cannot simultaneously extend types 'Writable' and 'WritableStream'.
  Named property 'removeAllListeners' of types 'Writable' and 'WritableStream' are not identical.
node_modules/@types/node/index.d.ts(3340,22): error TS2320: Interface 'Signer' cannot simultaneously extend types 'Writable' and 'WritableStream'.
  Named property 'removeListener' of types 'Writable' and 'WritableStream' are not identical.
node_modules/@types/node/index.d.ts(3340,22): error TS2320: Interface 'Signer' cannot simultaneously extend types 'Writable' and 'WritableStream'.
  Named property 'setMaxListeners' of types 'Writable' and 'WritableStream' are not identical.
node_modules/@types/node/index.d.ts(3340,22): error TS2320: Interface 'Signer' cannot simultaneously extend types 'Writable' and 'WritableStream'.
  Named property 'write' of types 'Writable' and 'WritableStream' are not identical.
node_modules/@types/node/index.d.ts(3347,22): error TS2320: Interface 'Verify' cannot simultaneously extend types 'Writable' and 'WritableStream'.
  Named property 'addListener' of types 'Writable' and 'WritableStream' are not identical.
node_modules/@types/node/index.d.ts(3347,22): error TS2320: Interface 'Verify' cannot simultaneously extend types 'Writable' and 'WritableStream'.
  Named property 'emit' of types 'Writable' and 'WritableStream' are not identical.
node_modules/@types/node/index.d.ts(3347,22): error TS2320: Interface 'Verify' cannot simultaneously extend types 'Writable' and 'WritableStream'.
  Named property 'end' of types 'Writable' and 'WritableStream' are not identical.
node_modules/@types/node/index.d.ts(3347,22): error TS2320: Interface 'Verify' cannot simultaneously extend types 'Writable' and 'WritableStream'.
  Named property 'eventNames' of types 'Writable' and 'WritableStream' are not identical.
node_modules/@types/node/index.d.ts(3347,22): error TS2320: Interface 'Verify' cannot simultaneously extend types 'Writable' and 'WritableStream'.
  Named property 'getMaxListeners' of types 'Writable' and 'WritableStream' are not identical.
node_modules/@types/node/index.d.ts(3347,22): error TS2320: Interface 'Verify' cannot simultaneously extend types 'Writable' and 'WritableStream'.
  Named property 'listenerCount' of types 'Writable' and 'WritableStream' are not identical.
node_modules/@types/node/index.d.ts(3347,22): error TS2320: Interface 'Verify' cannot simultaneously extend types 'Writable' and 'WritableStream'.
  Named property 'listeners' of types 'Writable' and 'WritableStream' are not identical.
node_modules/@types/node/index.d.ts(3347,22): error TS2320: Interface 'Verify' cannot simultaneously extend types 'Writable' and 'WritableStream'.
  Named property 'on' of types 'Writable' and 'WritableStream' are not identical.
node_modules/@types/node/index.d.ts(3347,22): error TS2320: Interface 'Verify' cannot simultaneously extend types 'Writable' and 'WritableStream'.
  Named property 'once' of types 'Writable' and 'WritableStream' are not identical.
node_modules/@types/node/index.d.ts(3347,22): error TS2320: Interface 'Verify' cannot simultaneously extend types 'Writable' and 'WritableStream'.
  Named property 'prependListener' of types 'Writable' and 'WritableStream' are not identical.
node_modules/@types/node/index.d.ts(3347,22): error TS2320: Interface 'Verify' cannot simultaneously extend types 'Writable' and 'WritableStream'.
  Named property 'prependOnceListener' of types 'Writable' and 'WritableStream' are not identical.
node_modules/@types/node/index.d.ts(3347,22): error TS2320: Interface 'Verify' cannot simultaneously extend types 'Writable' and 'WritableStream'.
  Named property 'removeAllListeners' of types 'Writable' and 'WritableStream' are not identical.
node_modules/@types/node/index.d.ts(3347,22): error TS2320: Interface 'Verify' cannot simultaneously extend types 'Writable' and 'WritableStream'.
  Named property 'removeListener' of types 'Writable' and 'WritableStream' are not identical.
node_modules/@types/node/index.d.ts(3347,22): error TS2320: Interface 'Verify' cannot simultaneously extend types 'Writable' and 'WritableStream'.
  Named property 'setMaxListeners' of types 'Writable' and 'WritableStream' are not identical.
node_modules/@types/node/index.d.ts(3347,22): error TS2320: Interface 'Verify' cannot simultaneously extend types 'Writable' and 'WritableStream'.
  Named property 'write' of types 'Writable' and 'WritableStream' are not identical.
node_modules/@types/node/index.d.ts(3438,22): error TS2420: Class 'Readable' incorrectly implements interface 'ReadableStream'.
  Types of property 'eventNames' are incompatible.
    Type '() => (string | symbol)[]' is not assignable to type '{ (): string[]; (): (string | symbol)[]; }'.
      Type '(string | symbol)[]' is not assignable to type 'string[]'.
        Type 'string | symbol' is not assignable to type 'string'.
          Type 'symbol' is not assignable to type 'string'.
node_modules/@types/node/index.d.ts(3521,22): error TS2420: Class 'Writable' incorrectly implements interface 'WritableStream'.
  Property 'setDefaultEncoding' is missing in type 'Writable'.
node_modules/@types/node/index.d.ts(3605,22): error TS2420: Class 'Duplex' incorrectly implements interface 'ReadWriteStream'.
  Types of property 'eventNames' are incompatible.
    Type '() => (string | symbol)[]' is not assignable to type '{ (): string[]; (): (string | symbol)[]; }'.
      Type '(string | symbol)[]' is not assignable to type 'string[]'.
        Type 'string | symbol' is not assignable to type 'string'.
          Type 'symbol' is not assignable to type 'string'.
node_modules/@types/node/index.d.ts(3626,22): error TS2420: Class 'Transform' incorrectly implements interface 'ReadWriteStream'.
  Types of property 'eventNames' are incompatible.
    Type '() => (string | symbol)[]' is not assignable to type '{ (): string[]; (): (string | symbol)[]; }'.
      Type '(string | symbol)[]' is not assignable to type 'string[]'.
        Type 'string | symbol' is not assignable to type 'string'.
          Type 'symbol' is not assignable to type 'string'.
node_modules/@types/node/index.d.ts(3652,5): error TS2309: An export assignment cannot be used in a module with other exported elements.
node_modules/@types/node/index.d.ts(3658,9): error TS2403: Subsequent variable declarations must have the same type.  Variable 'depth' must be of type 'number | null | undefined', but here has type 'number | undefined'.
node_modules/@types/node/index.d.ts(3735,5): error TS2300: Duplicate identifier 'export='.
node_modules/@types/node/index.d.ts(3757,18): error TS2300: Duplicate identifier 'Domain'.
node_modules/@types/node/index.d.ts(3757,18): error TS2420: Class 'Domain' incorrectly implements interface 'NodeJS.Domain'.
  Types of property 'eventNames' are incompatible.
    Type '() => (string | symbol)[]' is not assignable to type '{ (): string[]; (): (string | symbol)[]; }'.
      Type '(string | symbol)[]' is not assignable to type 'string[]'.
        Type 'string | symbol' is not assignable to type 'string'.
          Type 'symbol' is not assignable to type 'string'.
node_modules/@types/node/index.d.ts(4049,5): error TS2300: Duplicate identifier 'export='.
src/Main.ts(25,5): error TS6133: 'someVar' is declared but never used.
tests/Main.ts(1,18): error TS2307: Cannot find module 'ava'.
tests/Main.ts(5,25): error TS7006: Parameter 't' implicitly has an 'any' type.
tests/Main.ts(9,25): error TS7006: Parameter 't' implicitly has an 'any' type.
typings/globals/es2015/index.d.ts(5,5): error TS2403: Subsequent variable declarations must have the same type.  Variable 'value' must be of type 'T', but here has type 'T | undefined'.
typings/globals/es2015/index.d.ts(5,5): error TS2687: All declarations of 'value' must have identical modifiers.
typings/globals/es2015/index.d.ts(14,14): error TS2300: Duplicate identifier 'Iterable'.
typings/globals/es2015/index.d.ts(112,15): error TS2300: Duplicate identifier 'Map'.
typings/globals/es2015/index.d.ts(200,15): error TS2300: Duplicate identifier 'Set'.
typings/globals/es2015/index.d.ts(274,15): error TS2300: Duplicate identifier 'WeakMap'.
typings/globals/es2015/index.d.ts(332,15): error TS2300: Duplicate identifier 'WeakSet'.
typings/globals/es2015/index.d.ts(456,5): error TS2687: All declarations of 'EPSILON' must have identical modifiers.
typings/globals/es2015/index.d.ts(459,5): error TS2687: All declarations of 'MAX_SAFE_INTEGER' must have identical modifiers.
typings/globals/es2015/index.d.ts(462,5): error TS2687: All declarations of 'MIN_SAFE_INTEGER' must have identical modifiers.
typings/globals/es2015/index.d.ts(581,15): error TS2300: Duplicate identifier 'Promise'.
typings/globals/es2015/index.d.ts(811,5): error TS2687: All declarations of 'flags' must have identical modifiers.
typings/globals/es2015/index.d.ts(852,13): error TS2403: Subsequent variable declarations must have the same type.  Variable 'Symbol' must be of type 'SymbolConstructor', but here has type 'Symbol'.
typings/globals/node/index.d.ts(165,15): error TS2300: Duplicate identifier 'Buffer'.
typings/globals/node/index.d.ts(599,7): error TS2502: 'BuffType' is referenced directly or indirectly in its own type annotation.
typings/globals/node/index.d.ts(600,7): error TS2502: 'SlowBuffType' is referenced directly or indirectly in its own type annotation.
typings/globals/node/index.d.ts(602,24): error TS2300: Duplicate identifier 'Buffer'.
typings/globals/node/index.d.ts(602,48): error TS2300: Duplicate identifier 'SlowBuffer'.
typings/globals/node/index.d.ts(701,16): error TS2415: Class 'ServerResponse' incorrectly extends base class 'OutgoingMessage'.
  Types of property 'setTimeout' are incompatible.
    Type '(msecs: number, callback: Function) => ServerResponse' is not assignable to type '(msecs: number, callback?: (() => void) | undefined) => this'.
      Types of parameters 'callback' and 'callback' are incompatible.
        Type '(() => void) | undefined' is not assignable to type 'Function'.
          Type 'undefined' is not assignable to type 'Function'.
typings/globals/node/index.d.ts(713,16): error TS2415: Class 'ClientRequest' incorrectly extends base class 'OutgoingMessage'.
  Types of property 'setTimeout' are incompatible.
    Type '(timeout: number, callback?: Function | undefined) => void' is not assignable to type '(msecs: number, callback?: (() => void) | undefined) => this'.
      Type 'void' is not assignable to type 'this'.
typings/globals/node/index.d.ts(769,16): error TS2300: Duplicate identifier 'Agent'.
typings/globals/node/index.d.ts(815,16): error TS2300: Duplicate identifier 'Worker'.
typings/globals/node/index.d.ts(1045,16): error TS2300: Duplicate identifier 'Agent'.
typings/globals/node/index.d.ts(1134,20): error TS2300: Duplicate identifier 'Completer'.
typings/globals/node/index.d.ts(1139,20): error TS2300: Duplicate identifier 'CompleterResult'.
typings/globals/node/index.d.ts(1186,16): error TS2300: Duplicate identifier 'Script'.
typings/globals/node/index.d.ts(1212,12): error TS2694: Namespace 'internal' has no exported member 'Listener'.
typings/globals/node/index.d.ts(1213,12): error TS2694: Namespace 'internal' has no exported member 'Listener'.
typings/globals/node/index.d.ts(1214,12): error TS2694: Namespace 'internal' has no exported member 'Listener'.
typings/globals/node/index.d.ts(1215,12): error TS2694: Namespace 'internal' has no exported member 'Listener'.
typings/globals/node/index.d.ts(1216,12): error TS2694: Namespace 'internal' has no exported member 'Listener'.
typings/globals/node/index.d.ts(1389,16): error TS2451: Cannot redeclare block-scoped variable 'NODATA'.
typings/globals/node/index.d.ts(1390,16): error TS2451: Cannot redeclare block-scoped variable 'FORMERR'.
typings/globals/node/index.d.ts(1391,16): error TS2451: Cannot redeclare block-scoped variable 'SERVFAIL'.
typings/globals/node/index.d.ts(1392,16): error TS2451: Cannot redeclare block-scoped variable 'NOTFOUND'.
typings/globals/node/index.d.ts(1393,16): error TS2451: Cannot redeclare block-scoped variable 'NOTIMP'.
typings/globals/node/index.d.ts(1394,16): error TS2451: Cannot redeclare block-scoped variable 'REFUSED'.
typings/globals/node/index.d.ts(1395,16): error TS2451: Cannot redeclare block-scoped variable 'BADQUERY'.
typings/globals/node/index.d.ts(1396,16): error TS2451: Cannot redeclare block-scoped variable 'BADNAME'.
typings/globals/node/index.d.ts(1397,16): error TS2451: Cannot redeclare block-scoped variable 'BADFAMILY'.
typings/globals/node/index.d.ts(1398,16): error TS2451: Cannot redeclare block-scoped variable 'BADRESP'.
typings/globals/node/index.d.ts(1399,16): error TS2451: Cannot redeclare block-scoped variable 'CONNREFUSED'.
typings/globals/node/index.d.ts(1400,16): error TS2451: Cannot redeclare block-scoped variable 'TIMEOUT'.
typings/globals/node/index.d.ts(1401,16): error TS2451: Cannot redeclare block-scoped variable 'EOF'.
typings/globals/node/index.d.ts(1402,16): error TS2451: Cannot redeclare block-scoped variable 'FILE'.
typings/globals/node/index.d.ts(1403,16): error TS2451: Cannot redeclare block-scoped variable 'NOMEM'.
typings/globals/node/index.d.ts(1404,16): error TS2451: Cannot redeclare block-scoped variable 'DESTRUCTION'.
typings/globals/node/index.d.ts(1405,16): error TS2451: Cannot redeclare block-scoped variable 'BADSTR'.
typings/globals/node/index.d.ts(1406,16): error TS2451: Cannot redeclare block-scoped variable 'BADFLAGS'.
typings/globals/node/index.d.ts(1407,16): error TS2451: Cannot redeclare block-scoped variable 'NONAME'.
typings/globals/node/index.d.ts(1408,16): error TS2451: Cannot redeclare block-scoped variable 'BADHINTS'.
typings/globals/node/index.d.ts(1409,16): error TS2451: Cannot redeclare block-scoped variable 'NOTINITIALIZED'.
typings/globals/node/index.d.ts(1410,16): error TS2451: Cannot redeclare block-scoped variable 'LOADIPHLPAPI'.
typings/globals/node/index.d.ts(1411,16): error TS2451: Cannot redeclare block-scoped variable 'ADDRGETNETWORKPARAMS'.
typings/globals/node/index.d.ts(1412,16): error TS2451: Cannot redeclare block-scoped variable 'CANCELLED'.
typings/globals/node/index.d.ts(1418,16): error TS2300: Duplicate identifier 'Socket'.
typings/globals/node/index.d.ts(1577,12): error TS2694: Namespace 'internal' has no exported member 'Listener'.
typings/globals/node/index.d.ts(1582,12): error TS2694: Namespace 'internal' has no exported member 'Listener'.
typings/globals/node/index.d.ts(1583,12): error TS2694: Namespace 'internal' has no exported member 'Listener'.
typings/globals/node/index.d.ts(1591,12): error TS2694: Namespace 'internal' has no exported member 'Listener'.
typings/globals/node/index.d.ts(1592,12): error TS2694: Namespace 'internal' has no exported member 'Listener'.
typings/globals/node/index.d.ts(1603,16): error TS2451: Cannot redeclare block-scoped variable 'constants'.
typings/globals/node/index.d.ts(2358,16): error TS2300: Duplicate identifier 'StringDecoder'.
typings/globals/node/index.d.ts(2391,16): error TS2415: Class 'Server' incorrectly extends base class 'Server'.
  Types of property 'close' are incompatible.
    Type '(callback?: Function | undefined) => Server' is not assignable to type '{ (callback?: (() => void) | undefined): this; (callback?: Function | undefined): Server; }'.
      Type 'Server' is not assignable to type 'this'.
typings/globals/node/index.d.ts(2520,16): error TS2300: Duplicate identifier 'TLSSocket'.
typings/globals/node/index.d.ts(2842,16): error TS2300: Duplicate identifier 'Certificate'.
typings/globals/node/index.d.ts(2979,16): error TS2420: Class 'Readable' incorrectly implements interface 'ReadableStream'.
  Types of property 'unpipe' are incompatible.
    Type '<T extends WritableStream>(destination?: T | undefined) => void' is not assignable to type '{ <T extends WritableStream>(destination?: T | undefined): void; <T extends WritableStream>(desti...'.
      Type 'void' is not assignable to type 'this'.
typings/globals/node/index.d.ts(3003,16): error TS2420: Class 'Writable' incorrectly implements interface 'WritableStream'.
  Types of property 'eventNames' are incompatible.
    Type '() => (string | symbol)[]' is not assignable to type '{ (): string[]; (): (string | symbol)[]; }'.
      Type '(string | symbol)[]' is not assignable to type 'string[]'.
        Type 'string | symbol' is not assignable to type 'string'.
          Type 'symbol' is not assignable to type 'string'.
typings/globals/node/index.d.ts(3331,3): error TS2300: Duplicate identifier 'export='.
typings/globals/node/index.d.ts(3353,16): error TS2300: Duplicate identifier 'Domain'.
typings/globals/node/index.d.ts(3353,16): error TS2420: Class 'Domain' incorrectly implements interface 'NodeJS.Domain'.
  Types of property 'eventNames' are incompatible.
    Type '() => (string | symbol)[]' is not assignable to type '{ (): string[]; (): (string | symbol)[]; }'.
      Type '(string | symbol)[]' is not assignable to type 'string[]'.
        Type 'string | symbol' is not assignable to type 'string'.
          Type 'symbol' is not assignable to type 'string'.
typings/globals/node/index.d.ts(3620,3): error TS2300: Duplicate identifier 'export='.
../../../usr/lib/node_modules/typescript/lib/lib.es6.d.ts(1371,11): error TS2300: Duplicate identifier 'Promise'.
../../../usr/lib/node_modules/typescript/lib/lib.es6.d.ts(4770,11): error TS2300: Duplicate identifier 'Map'.
../../../usr/lib/node_modules/typescript/lib/lib.es6.d.ts(4785,13): error TS2300: Duplicate identifier 'Map'.
../../../usr/lib/node_modules/typescript/lib/lib.es6.d.ts(4794,11): error TS2300: Duplicate identifier 'WeakMap'.
../../../usr/lib/node_modules/typescript/lib/lib.es6.d.ts(4806,13): error TS2300: Duplicate identifier 'WeakMap'.
../../../usr/lib/node_modules/typescript/lib/lib.es6.d.ts(4808,11): error TS2300: Duplicate identifier 'Set'.
../../../usr/lib/node_modules/typescript/lib/lib.es6.d.ts(4822,13): error TS2300: Duplicate identifier 'Set'.
../../../usr/lib/node_modules/typescript/lib/lib.es6.d.ts(4830,11): error TS2300: Duplicate identifier 'WeakSet'.
../../../usr/lib/node_modules/typescript/lib/lib.es6.d.ts(4841,13): error TS2300: Duplicate identifier 'WeakSet'.
../../../usr/lib/node_modules/typescript/lib/lib.es6.d.ts(4879,11): error TS2300: Duplicate identifier 'Iterable'.
../../../usr/lib/node_modules/typescript/lib/lib.es6.d.ts(4948,11): error TS2300: Duplicate identifier 'Map'.
../../../usr/lib/node_modules/typescript/lib/lib.es6.d.ts(4959,11): error TS2300: Duplicate identifier 'WeakMap'.
../../../usr/lib/node_modules/typescript/lib/lib.es6.d.ts(4965,11): error TS2300: Duplicate identifier 'Set'.
../../../usr/lib/node_modules/typescript/lib/lib.es6.d.ts(4976,11): error TS2300: Duplicate identifier 'WeakSet'.
../../../usr/lib/node_modules/typescript/lib/lib.es6.d.ts(4982,11): error TS2300: Duplicate identifier 'Promise'.
../../../usr/lib/node_modules/typescript/lib/lib.es6.d.ts(5508,13): error TS2300: Duplicate identifier 'Promise'.
../../../usr/lib/node_modules/typescript/lib/lib.es6.d.ts(5695,11): error TS2300: Duplicate identifier 'Map'.
../../../usr/lib/node_modules/typescript/lib/lib.es6.d.ts(5699,11): error TS2300: Duplicate identifier 'WeakMap'.
../../../usr/lib/node_modules/typescript/lib/lib.es6.d.ts(5703,11): error TS2300: Duplicate identifier 'Set'.
../../../usr/lib/node_modules/typescript/lib/lib.es6.d.ts(5707,11): error TS2300: Duplicate identifier 'WeakSet'.
../../../usr/lib/node_modules/typescript/lib/lib.es6.d.ts(5734,11): error TS2300: Duplicate identifier 'Promise'.
00:19:11 GMT+0200 (CEST) - Compilation complete. Watching for file changes.


